INFO  [2022-06-23 13:18:23] pre_process_ew_input_progeny_data_flp -- Starting function with parameters:
 * ps_sirebreed: LM
 * ps_prodsystew: 2
 * ps_marketchannel: Natura-Beef
 * ps_path_directory2create: /Users/skn/muku_Ecoweigth/2022/prog/qp4ewc/inst/extdata/ewbc
 * ps_input_file_progeny_flp_statement: /Users/skn/muku_Ecoweigth/2022/prog/qp4ewc/inst/extdata/ewbc/input_flp_statement.txt
 * ps_input_file_flp: /Users/skn/muku_Ecoweigth/2022/prog/qp4ewc/inst/extdata/ewbc/test/test_zws_muku_flp.csv
 * ps_start_flp_date: 20160101
 * ps_end_flp_date: 20211231

INFO  [2022-06-23 13:18:26] read_file_input -- Starting function with parameters:
 * ps_input_file: /Users/skn/muku_Ecoweigth/2022/prog/qp4ewc/inst/extdata/ewbc/input_flp_statement.txt
INFO  [2022-06-23 13:18:26] read_file_input -- File exists:
 * ps_input_file/Users/skn/muku_Ecoweigth/2022/prog/qp4ewc/inst/extdata/ewbc/input_flp_statement.txt
INFO  [2022-06-23 13:18:27] read_file_input -- Read file: 
 * ps_input_file: /Users/skn/muku_Ecoweigth/2022/prog/qp4ewc/inst/extdata/ewbc/input_flp_statement.txt
 * in a tibble

INFO  [2022-06-23 13:18:28] read_file_input_flp -- Starting function with parameters:
 * ps_input_file_flp: /Users/skn/muku_Ecoweigth/2022/prog/qp4ewc/inst/extdata/ewbc/test/test_zws_muku_flp.csv
 * ps_start_flp_date: 20160101
 * ps_end_flp_date: 20211231
 * ps_sirebreed: LM
INFO  [2022-06-23 13:18:28] read_file_input_flp -- File exists:
 * ps_input_file_flp/Users/skn/muku_Ecoweigth/2022/prog/qp4ewc/inst/extdata/ewbc/test/test_zws_muku_flp.csv
INFO  [2022-06-23 13:18:28] read_file_input_flp -- Read file: 
 * ps_input_file_flp: /Users/skn/muku_Ecoweigth/2022/prog/qp4ewc/inst/extdata/ewbc/test/test_zws_muku_flp.csv
 * in a tibble
INFO  [2022-06-23 13:18:28] read_file_input_flp -- All requested column-names in flp input file exist
INFO  [2022-06-23 13:18:28] read_file_input_flp -- Considered data from input flp file from: 20160101 to 20211231
INFO  [2022-06-23 13:18:28] read_file_input_flp -- Considered data from input flp file from the breed: LM
INFO  [2022-06-23 13:18:29] read_file_input_flp -- calculate age at slaughter in days
INFO  [2022-06-23 13:18:29] read_file_input_flp -- calculate age at weaning in days
