INFO  [2022-08-17 09:21:18] pre_process_ewdc_input_progeny_data_flp -- Starting function with parameters:
 * ps_sirebreed: AN
 * ps_dambreed: HO
 * ps_prodsystew: 4
 * ps_marketchannel: ConventionalBeef
 * ps_path_directory2create: /home/jgearing/Ecoweight_package/qp4ewc/inst/extdata/ewdc/Ecoweight_output
 * ps_input_file_progeny_flp_statement: /home/jgearing/Ecoweight_package/qp4ewc/inst/extdata/ewdc/input_flp_statement.txt
 * ps_input_file_flp: /qualstorzws01/data_projekte/projekte/beef-production-model/2022/test_pipeline/data/zws_muku_flp.csv
 * ps_input_file_calf: ~/Ecoweight_package/Data/calf_data.csv
 * ps_start_flp_date: 20160101
 * ps_end_flp_date: 20211231
 * ps_input_file_ped: /qualstorzws01/data_projekte/projekte/beef-production-model/2022/test_pipeline/work/ped_withBreedCode_damside
INFO  [2022-08-17 09:21:20] read_file_input -- Starting function with parameters:
 * ps_input_file: /home/jgearing/Ecoweight_package/qp4ewc/inst/extdata/ewdc/input_flp_statement.txt
INFO  [2022-08-17 09:21:20] read_file_input -- File exists:
 * ps_input_file/home/jgearing/Ecoweight_package/qp4ewc/inst/extdata/ewdc/input_flp_statement.txt
INFO  [2022-08-17 09:21:20] read_file_input -- Read file: 
 * ps_input_file: /home/jgearing/Ecoweight_package/qp4ewc/inst/extdata/ewdc/input_flp_statement.txt
 * in a tibble

INFO  [2022-08-17 09:21:20] read_file_input_flp -- Starting function with parameters:
 * ps_input_file_flp: /qualstorzws01/data_projekte/projekte/beef-production-model/2022/test_pipeline/data/zws_muku_flp.csv
 * ps_start_flp_date: 20160101
 * ps_end_flp_date: 20211231
INFO  [2022-08-17 09:21:20] read_file_input_flp -- File exists:
 * ps_input_file_flp/qualstorzws01/data_projekte/projekte/beef-production-model/2022/test_pipeline/data/zws_muku_flp.csv
INFO  [2022-08-17 09:21:22] read_file_input_flp -- Read file: 
 * ps_input_file_flp: /qualstorzws01/data_projekte/projekte/beef-production-model/2022/test_pipeline/data/zws_muku_flp.csv
 * in a tibble
INFO  [2022-08-17 09:21:22] read_file_input_flp -- All requested column-names in flp input file exist
INFO  [2022-08-17 09:21:25] read_file_input_flp -- Considered data from input flp file from: 20160101 to 20211231
INFO  [2022-08-17 09:21:33] read_file_input_flp -- calculate age at slaughter in days
INFO  [2022-08-17 09:21:38] read_file_input_flp -- calculate age at weaning in days
INFO  [2022-08-17 09:21:39] read_file_input_ped -- Starting function with parameters:
 * ps_input_file_ped: /qualstorzws01/data_projekte/projekte/beef-production-model/2022/test_pipeline/work/ped_withBreedCode_damside
INFO  [2022-08-17 09:21:39] read_file_input_ped -- File exists:
 * ps_input_file_ped/qualstorzws01/data_projekte/projekte/beef-production-model/2022/test_pipeline/work/ped_withBreedCode_damside
INFO  [2022-08-17 09:21:40] read_file_input_ped -- Read file: 
 * ps_input_file_ped: /qualstorzws01/data_projekte/projekte/beef-production-model/2022/test_pipeline/work/ped_withBreedCode_damside
 * in a tibble
INFO  [2022-08-17 09:21:40] read_file_input_ped -- All requested column-names in ped input file exist
INFO  [2022-08-17 09:21:41] read_file_input_calf -- Starting function with parameters:
 * ps_input_file_calf: ~/Ecoweight_package/Data/calf_data.csv
INFO  [2022-08-17 09:21:41] read_file_input_calf -- File exists:
 * ps_input_file_calf~/Ecoweight_package/Data/calf_data.csv
INFO  [2022-08-17 09:21:42] read_file_input_calf -- Read file: 
 * ps_input_file_calf: ~/Ecoweight_package/Data/calf_data.csv
 * in a tibble
INFO  [2022-08-17 09:21:55] read_file_input -- Starting function with parameters:
 * ps_input_file: /home/jgearing/Ecoweight_package/qp4ewc/inst/extdata/ewdc/input_calving_statement.txt
INFO  [2022-08-17 09:21:55] read_file_input -- File exists:
 * ps_input_file/home/jgearing/Ecoweight_package/qp4ewc/inst/extdata/ewdc/input_calving_statement.txt
INFO  [2022-08-17 09:21:55] read_file_input -- Read file: 
 * ps_input_file: /home/jgearing/Ecoweight_package/qp4ewc/inst/extdata/ewdc/input_calving_statement.txt
 * in a tibble

INFO  [2022-08-17 09:21:55] calculate_abortion_rate -- Starting function with parameters:
 * ps_input_calving_tibble 
 * ps_statement_firstlactation: TRUE
INFO  [2022-08-17 09:21:55] calculate_abortion_rate -- Starting function with parameters:
 * ps_input_calving_tibble 
 * ps_statement_firstlactation: FALSE
