INFO  [2022-08-17 09:22:19] pre_process_ew_input_calving -- Starting function with parameters:
 * ps_sirebreed: AN
 * ps_dambreed: HO
 * ps_prodsystew: 4
 * ps_marketchannel: ConventionalBeef
 * ps_path_directory2create: /home/jgearing/Ecoweight_package/qp4ewc/inst/extdata/ewdc/Ecoweight_output
 * ps_input_file_calving_statement: /home/jgearing/Ecoweight_package/qp4ewc/inst/extdata/ewdc/input_calving_statement.txt
 * ps_input_file_calving: /qualstorzws01/data_projekte/projekte/beef-production-model/2022/test_pipeline/data/zws_muku_gal.csv
 * ps_start_calving_date: 20160101
 * ps_end_calving_date: 20211231

INFO  [2022-08-17 09:22:19] read_file_input -- Starting function with parameters:
 * ps_input_file: /home/jgearing/Ecoweight_package/qp4ewc/inst/extdata/ewdc/input_calving_statement.txt
INFO  [2022-08-17 09:22:19] read_file_input -- File exists:
 * ps_input_file/home/jgearing/Ecoweight_package/qp4ewc/inst/extdata/ewdc/input_calving_statement.txt
INFO  [2022-08-17 09:22:19] read_file_input -- Read file: 
 * ps_input_file: /home/jgearing/Ecoweight_package/qp4ewc/inst/extdata/ewdc/input_calving_statement.txt
 * in a tibble

INFO  [2022-08-17 09:22:19] read_file_input_calving -- Starting function with parameters:
 * ps_input_file_calving: /qualstorzws01/data_projekte/projekte/beef-production-model/2022/test_pipeline/data/zws_muku_gal.csv
 * ps_start_calving_date: 20160101
 * ps_end_calving_date: 20211231
INFO  [2022-08-17 09:22:19] read_file_input_calving -- File exists:
 * ps_input_file_calving/qualstorzws01/data_projekte/projekte/beef-production-model/2022/test_pipeline/data/zws_muku_gal.csv
INFO  [2022-08-17 09:22:22] read_file_input_calving -- Read file: 
 * ps_input_file_calving: /qualstorzws01/data_projekte/projekte/beef-production-model/2022/test_pipeline/data/zws_muku_gal.csv
 * in a tibble
INFO  [2022-08-17 09:22:22] read_file_input_calving -- All requested column-names in calving input file exist
INFO  [2022-08-17 09:22:25] read_file_input_calving -- Considered data from input calving file from: 20160101 to 20211231
INFO  [2022-08-17 09:22:29] calculate_abortion_rate -- Starting function with parameters:
 * ps_input_calving_tibble 
 * ps_statement_firstlactation: TRUE
INFO  [2022-08-17 09:22:30] calculate_abortion_rate -- Only consider known calving score to calculate abortion rate
INFO  [2022-08-17 09:22:32] calculate_abortion_rate -- A Tibble for primiparous has been created for the calculation of abortion rate 
INFO  [2022-08-17 09:22:32] calculate_abortion_rate -- Abort information are available in the dataset so that abortion rate can be calculated
INFO  [2022-08-17 09:22:32] calculate_abortion_rate -- abortion_rate is : 0.0044
INFO  [2022-08-17 09:22:32] calculate_abortion_rate -- Starting function with parameters:
 * ps_input_calving_tibble 
 * ps_statement_firstlactation: FALSE
INFO  [2022-08-17 09:22:34] calculate_abortion_rate -- Only consider known calving score to calculate abortion rate
INFO  [2022-08-17 09:22:37] calculate_abortion_rate -- A Tibble for multiparous has been created for the calculation of abortion rate 
INFO  [2022-08-17 09:22:37] calculate_abortion_rate -- Abort information are available in the dataset so that abortion rate can be calculated
INFO  [2022-08-17 09:22:37] calculate_abortion_rate -- abortion_rate is : 0.0018
INFO  [2022-08-17 09:22:54] calculate_calvingscore_proportion -- Starting function with parameters:
 * ps_input_calving_tibble 
 * ps_statement_firstlactation: TRUE
 * ps_sirebreed: AN
 * ps_dambreed: HO
 * ps_sex: F
 * ps_calvingscore: 2
INFO  [2022-08-17 09:22:54] calculate_calvingscore_proportion -- A Tibble depending on the breed and sex has been created for the calculation of calving score proportion 
INFO  [2022-08-17 09:22:54] calculate_calvingscore_proportion -- A Tibble for primiparous has been created for the calculation of calving score proportion 
INFO  [2022-08-17 09:22:54] calculate_calvingscore_proportion -- Calving score information are available in the dataset so that calving score proportion can be calculated
INFO  [2022-08-17 09:22:54] calculate_stillbirth_rate -- calving score 2 proportion is : 0.4013
INFO  [2022-08-17 09:22:55] calculate_calvingscore_proportion -- Starting function with parameters:
 * ps_input_calving_tibble 
 * ps_statement_firstlactation: TRUE
 * ps_sirebreed: AN
 * ps_dambreed: HO
 * ps_sex: F
 * ps_calvingscore: 3
INFO  [2022-08-17 09:22:55] calculate_calvingscore_proportion -- A Tibble depending on the breed and sex has been created for the calculation of calving score proportion 
INFO  [2022-08-17 09:22:56] calculate_calvingscore_proportion -- A Tibble for primiparous has been created for the calculation of calving score proportion 
INFO  [2022-08-17 09:22:56] calculate_calvingscore_proportion -- Calving score information are available in the dataset so that calving score proportion can be calculated
INFO  [2022-08-17 09:22:56] calculate_stillbirth_rate -- calving score 3 proportion is : 0.0502
INFO  [2022-08-17 09:22:56] calculate_calvingscore_proportion -- Starting function with parameters:
 * ps_input_calving_tibble 
 * ps_statement_firstlactation: TRUE
 * ps_sirebreed: AN
 * ps_dambreed: HO
 * ps_sex: F
 * ps_calvingscore: 4
INFO  [2022-08-17 09:22:56] calculate_calvingscore_proportion -- A Tibble depending on the breed and sex has been created for the calculation of calving score proportion 
INFO  [2022-08-17 09:22:57] calculate_calvingscore_proportion -- A Tibble for primiparous has been created for the calculation of calving score proportion 
INFO  [2022-08-17 09:22:57] calculate_calvingscore_proportion -- Calving score information are available in the dataset so that calving score proportion can be calculated
INFO  [2022-08-17 09:22:57] calculate_stillbirth_rate -- calving score 4 proportion is : 0.0011
INFO  [2022-08-17 09:22:58] calculate_calvingscore_proportion -- Starting function with parameters:
 * ps_input_calving_tibble 
 * ps_statement_firstlactation: FALSE
 * ps_sirebreed: AN
 * ps_dambreed: HO
 * ps_sex: F
 * ps_calvingscore: 2
INFO  [2022-08-17 09:22:58] calculate_calvingscore_proportion -- A Tibble depending on the breed and sex has been created for the calculation of calving score proportion 
INFO  [2022-08-17 09:22:58] calculate_calvingscore_proportion -- A Tibble for multiparous has been created for the calculation of calving score proportion 
INFO  [2022-08-17 09:22:58] calculate_calvingscore_proportion -- Calving score information are available in the dataset so that calving score proportion can be calculated
INFO  [2022-08-17 09:22:58] calculate_stillbirth_rate -- calving score 2 proportion is : 0.2991
INFO  [2022-08-17 09:22:59] calculate_calvingscore_proportion -- Starting function with parameters:
 * ps_input_calving_tibble 
 * ps_statement_firstlactation: FALSE
 * ps_sirebreed: AN
 * ps_dambreed: HO
 * ps_sex: F
 * ps_calvingscore: 3
INFO  [2022-08-17 09:22:59] calculate_calvingscore_proportion -- A Tibble depending on the breed and sex has been created for the calculation of calving score proportion 
INFO  [2022-08-17 09:22:59] calculate_calvingscore_proportion -- A Tibble for multiparous has been created for the calculation of calving score proportion 
INFO  [2022-08-17 09:22:59] calculate_calvingscore_proportion -- Calving score information are available in the dataset so that calving score proportion can be calculated
INFO  [2022-08-17 09:22:59] calculate_stillbirth_rate -- calving score 3 proportion is : 0.0308
INFO  [2022-08-17 09:22:59] calculate_calvingscore_proportion -- Starting function with parameters:
 * ps_input_calving_tibble 
 * ps_statement_firstlactation: FALSE
 * ps_sirebreed: AN
 * ps_dambreed: HO
 * ps_sex: F
 * ps_calvingscore: 4
INFO  [2022-08-17 09:23:00] calculate_calvingscore_proportion -- A Tibble depending on the breed and sex has been created for the calculation of calving score proportion 
INFO  [2022-08-17 09:23:00] calculate_calvingscore_proportion -- A Tibble for multiparous has been created for the calculation of calving score proportion 
INFO  [2022-08-17 09:23:00] calculate_calvingscore_proportion -- Calving score information are available in the dataset so that calving score proportion can be calculated
INFO  [2022-08-17 09:23:00] calculate_stillbirth_rate -- calving score 4 proportion is : 4e-04
INFO  [2022-08-17 09:23:00] calculate_calvingscore_proportion -- Starting function with parameters:
 * ps_input_calving_tibble 
 * ps_statement_firstlactation: TRUE
 * ps_sirebreed: AN
 * ps_dambreed: HO
 * ps_sex: M
 * ps_calvingscore: 2
INFO  [2022-08-17 09:23:01] calculate_calvingscore_proportion -- A Tibble depending on the breed and sex has been created for the calculation of calving score proportion 
INFO  [2022-08-17 09:23:01] calculate_calvingscore_proportion -- A Tibble for primiparous has been created for the calculation of calving score proportion 
INFO  [2022-08-17 09:23:01] calculate_calvingscore_proportion -- Calving score information are available in the dataset so that calving score proportion can be calculated
INFO  [2022-08-17 09:23:01] calculate_stillbirth_rate -- calving score 2 proportion is : 0.4436
INFO  [2022-08-17 09:23:02] calculate_calvingscore_proportion -- Starting function with parameters:
 * ps_input_calving_tibble 
 * ps_statement_firstlactation: TRUE
 * ps_sirebreed: AN
 * ps_dambreed: HO
 * ps_sex: M
 * ps_calvingscore: 3
INFO  [2022-08-17 09:23:02] calculate_calvingscore_proportion -- A Tibble depending on the breed and sex has been created for the calculation of calving score proportion 
INFO  [2022-08-17 09:23:03] calculate_calvingscore_proportion -- A Tibble for primiparous has been created for the calculation of calving score proportion 
INFO  [2022-08-17 09:23:03] calculate_calvingscore_proportion -- Calving score information are available in the dataset so that calving score proportion can be calculated
INFO  [2022-08-17 09:23:03] calculate_stillbirth_rate -- calving score 3 proportion is : 0.0931
INFO  [2022-08-17 09:23:03] calculate_calvingscore_proportion -- Starting function with parameters:
 * ps_input_calving_tibble 
 * ps_statement_firstlactation: TRUE
 * ps_sirebreed: AN
 * ps_dambreed: HO
 * ps_sex: M
 * ps_calvingscore: 4
INFO  [2022-08-17 09:23:03] calculate_calvingscore_proportion -- A Tibble depending on the breed and sex has been created for the calculation of calving score proportion 
INFO  [2022-08-17 09:23:03] calculate_calvingscore_proportion -- A Tibble for primiparous has been created for the calculation of calving score proportion 
INFO  [2022-08-17 09:23:03] calculate_calvingscore_proportion -- Calving score information are available in the dataset so that calving score proportion can be calculated
INFO  [2022-08-17 09:23:04] calculate_stillbirth_rate -- calving score 4 proportion is : 0.0039
INFO  [2022-08-17 09:23:04] calculate_calvingscore_proportion -- Starting function with parameters:
 * ps_input_calving_tibble 
 * ps_statement_firstlactation: FALSE
 * ps_sirebreed: AN
 * ps_dambreed: HO
 * ps_sex: M
 * ps_calvingscore: 2
INFO  [2022-08-17 09:23:04] calculate_calvingscore_proportion -- A Tibble depending on the breed and sex has been created for the calculation of calving score proportion 
INFO  [2022-08-17 09:23:04] calculate_calvingscore_proportion -- A Tibble for multiparous has been created for the calculation of calving score proportion 
INFO  [2022-08-17 09:23:05] calculate_calvingscore_proportion -- Calving score information are available in the dataset so that calving score proportion can be calculated
INFO  [2022-08-17 09:23:05] calculate_stillbirth_rate -- calving score 2 proportion is : 0.3352
INFO  [2022-08-17 09:23:05] calculate_calvingscore_proportion -- Starting function with parameters:
 * ps_input_calving_tibble 
 * ps_statement_firstlactation: FALSE
 * ps_sirebreed: AN
 * ps_dambreed: HO
 * ps_sex: M
 * ps_calvingscore: 3
INFO  [2022-08-17 09:23:06] calculate_calvingscore_proportion -- A Tibble depending on the breed and sex has been created for the calculation of calving score proportion 
INFO  [2022-08-17 09:23:06] calculate_calvingscore_proportion -- A Tibble for multiparous has been created for the calculation of calving score proportion 
INFO  [2022-08-17 09:23:06] calculate_calvingscore_proportion -- Calving score information are available in the dataset so that calving score proportion can be calculated
INFO  [2022-08-17 09:23:06] calculate_stillbirth_rate -- calving score 3 proportion is : 0.0539
INFO  [2022-08-17 09:23:06] calculate_calvingscore_proportion -- Starting function with parameters:
 * ps_input_calving_tibble 
 * ps_statement_firstlactation: FALSE
 * ps_sirebreed: AN
 * ps_dambreed: HO
 * ps_sex: M
 * ps_calvingscore: 4
INFO  [2022-08-17 09:23:07] calculate_calvingscore_proportion -- A Tibble depending on the breed and sex has been created for the calculation of calving score proportion 
INFO  [2022-08-17 09:23:07] calculate_calvingscore_proportion -- A Tibble for multiparous has been created for the calculation of calving score proportion 
INFO  [2022-08-17 09:23:07] calculate_calvingscore_proportion -- Calving score information are available in the dataset so that calving score proportion can be calculated
INFO  [2022-08-17 09:23:07] calculate_stillbirth_rate -- calving score 4 proportion is : 0.0017
