INFO  [2022-09-16 10:50:40] plot_piechart_ewbc -- Starting function with parameters:
 * ps_path_2genSD/home/zws/R/x86_64-pc-linux-gnu-library/4.1/qp4ewc/extdata/ewdc/input_geneticSD.txt
 * ptbl_EW_results 
 * ps_traitgroup2consider: Functional Traits
 * ps_scenario: AN_BS_4_ConventionalBeef_test
 * ps_marketchannel: ConventionalBeef

INFO  [2022-09-16 10:50:40] read_file_input -- Starting function with parameters:
 * ps_input_file: /home/zws/R/x86_64-pc-linux-gnu-library/4.1/qp4ewc/extdata/ewdc/input_geneticSD.txt
INFO  [2022-09-16 10:50:40] read_file_input -- File exists:
 * ps_input_file/home/zws/R/x86_64-pc-linux-gnu-library/4.1/qp4ewc/extdata/ewdc/input_geneticSD.txt
INFO  [2022-09-16 10:50:40] read_file_input -- Read file: 
 * ps_input_file: /home/zws/R/x86_64-pc-linux-gnu-library/4.1/qp4ewc/extdata/ewdc/input_geneticSD.txt
 * in a tibble

INFO  [2022-09-16 10:50:40] plot_piechart_ewbc -- Starting function with parameters:
 * ps_path_2genSD/home/zws/R/x86_64-pc-linux-gnu-library/4.1/qp4ewc/extdata/ewdc/input_geneticSD.txt
 * ptbl_EW_results 
 * ps_traitgroup2consider: Carcass Traits
 * ps_scenario: AN_BS_4_ConventionalBeef_test
 * ps_marketchannel: ConventionalBeef

INFO  [2022-09-16 10:50:40] read_file_input -- Starting function with parameters:
 * ps_input_file: /home/zws/R/x86_64-pc-linux-gnu-library/4.1/qp4ewc/extdata/ewdc/input_geneticSD.txt
INFO  [2022-09-16 10:50:40] read_file_input -- File exists:
 * ps_input_file/home/zws/R/x86_64-pc-linux-gnu-library/4.1/qp4ewc/extdata/ewdc/input_geneticSD.txt
INFO  [2022-09-16 10:50:40] read_file_input -- Read file: 
 * ps_input_file: /home/zws/R/x86_64-pc-linux-gnu-library/4.1/qp4ewc/extdata/ewdc/input_geneticSD.txt
 * in a tibble

INFO  [2022-09-16 10:50:40] plot_piechart_ewbc -- Starting function with parameters:
 * ps_path_2genSD/home/zws/R/x86_64-pc-linux-gnu-library/4.1/qp4ewc/extdata/ewdc/input_geneticSD.txt
 * ptbl_EW_results 
 * ps_traitgroup2consider: Combined
 * ps_scenario: AN_BS_4_ConventionalBeef_test
 * ps_marketchannel: ConventionalBeef

INFO  [2022-09-16 10:50:40] read_file_input -- Starting function with parameters:
 * ps_input_file: /home/zws/R/x86_64-pc-linux-gnu-library/4.1/qp4ewc/extdata/ewdc/input_geneticSD.txt
INFO  [2022-09-16 10:50:40] read_file_input -- File exists:
 * ps_input_file/home/zws/R/x86_64-pc-linux-gnu-library/4.1/qp4ewc/extdata/ewdc/input_geneticSD.txt
INFO  [2022-09-16 10:50:40] read_file_input -- Read file: 
 * ps_input_file: /home/zws/R/x86_64-pc-linux-gnu-library/4.1/qp4ewc/extdata/ewdc/input_geneticSD.txt
 * in a tibble

INFO  [2022-09-16 10:50:40] plot_piechart_ewbc -- Starting function with parameters:
 * ps_path_2genSD/home/zws/R/x86_64-pc-linux-gnu-library/4.1/qp4ewc/extdata/ewdc/input_geneticSD.txt
 * ptbl_EW_results 
 * ps_traitgroup2consider: Functional Traits
 * ps_scenario: AN_BS_4_Export_test
 * ps_marketchannel: Export

INFO  [2022-09-16 10:50:40] read_file_input -- Starting function with parameters:
 * ps_input_file: /home/zws/R/x86_64-pc-linux-gnu-library/4.1/qp4ewc/extdata/ewdc/input_geneticSD.txt
INFO  [2022-09-16 10:50:40] read_file_input -- File exists:
 * ps_input_file/home/zws/R/x86_64-pc-linux-gnu-library/4.1/qp4ewc/extdata/ewdc/input_geneticSD.txt
INFO  [2022-09-16 10:50:40] read_file_input -- Read file: 
 * ps_input_file: /home/zws/R/x86_64-pc-linux-gnu-library/4.1/qp4ewc/extdata/ewdc/input_geneticSD.txt
 * in a tibble

INFO  [2022-09-16 10:50:41] plot_piechart_ewbc -- Starting function with parameters:
 * ps_path_2genSD/home/zws/R/x86_64-pc-linux-gnu-library/4.1/qp4ewc/extdata/ewdc/input_geneticSD.txt
 * ptbl_EW_results 
 * ps_traitgroup2consider: Functional Traits
 * ps_scenario: AN_HO_4_ConventionalBeef_test
 * ps_marketchannel: ConventionalBeef

INFO  [2022-09-16 10:50:41] read_file_input -- Starting function with parameters:
 * ps_input_file: /home/zws/R/x86_64-pc-linux-gnu-library/4.1/qp4ewc/extdata/ewdc/input_geneticSD.txt
INFO  [2022-09-16 10:50:41] read_file_input -- File exists:
 * ps_input_file/home/zws/R/x86_64-pc-linux-gnu-library/4.1/qp4ewc/extdata/ewdc/input_geneticSD.txt
INFO  [2022-09-16 10:50:41] read_file_input -- Read file: 
 * ps_input_file: /home/zws/R/x86_64-pc-linux-gnu-library/4.1/qp4ewc/extdata/ewdc/input_geneticSD.txt
 * in a tibble

INFO  [2022-09-16 10:50:41] plot_piechart_ewbc -- Starting function with parameters:
 * ps_path_2genSD/home/zws/R/x86_64-pc-linux-gnu-library/4.1/qp4ewc/extdata/ewdc/input_geneticSD.txt
 * ptbl_EW_results 
 * ps_traitgroup2consider: Carcass Traits
 * ps_scenario: AN_HO_4_ConventionalBeef_test
 * ps_marketchannel: ConventionalBeef

INFO  [2022-09-16 10:50:41] read_file_input -- Starting function with parameters:
 * ps_input_file: /home/zws/R/x86_64-pc-linux-gnu-library/4.1/qp4ewc/extdata/ewdc/input_geneticSD.txt
INFO  [2022-09-16 10:50:41] read_file_input -- File exists:
 * ps_input_file/home/zws/R/x86_64-pc-linux-gnu-library/4.1/qp4ewc/extdata/ewdc/input_geneticSD.txt
INFO  [2022-09-16 10:50:41] read_file_input -- Read file: 
 * ps_input_file: /home/zws/R/x86_64-pc-linux-gnu-library/4.1/qp4ewc/extdata/ewdc/input_geneticSD.txt
 * in a tibble

INFO  [2022-09-16 10:50:41] plot_piechart_ewbc -- Starting function with parameters:
 * ps_path_2genSD/home/zws/R/x86_64-pc-linux-gnu-library/4.1/qp4ewc/extdata/ewdc/input_geneticSD.txt
 * ptbl_EW_results 
 * ps_traitgroup2consider: Combined
 * ps_scenario: AN_HO_4_ConventionalBeef_test
 * ps_marketchannel: ConventionalBeef

INFO  [2022-09-16 10:50:41] read_file_input -- Starting function with parameters:
 * ps_input_file: /home/zws/R/x86_64-pc-linux-gnu-library/4.1/qp4ewc/extdata/ewdc/input_geneticSD.txt
INFO  [2022-09-16 10:50:41] read_file_input -- File exists:
 * ps_input_file/home/zws/R/x86_64-pc-linux-gnu-library/4.1/qp4ewc/extdata/ewdc/input_geneticSD.txt
INFO  [2022-09-16 10:50:41] read_file_input -- Read file: 
 * ps_input_file: /home/zws/R/x86_64-pc-linux-gnu-library/4.1/qp4ewc/extdata/ewdc/input_geneticSD.txt
 * in a tibble

INFO  [2022-09-16 10:50:42] plot_piechart_ewbc -- Starting function with parameters:
 * ps_path_2genSD/home/zws/R/x86_64-pc-linux-gnu-library/4.1/qp4ewc/extdata/ewdc/input_geneticSD.txt
 * ptbl_EW_results 
 * ps_traitgroup2consider: Functional Traits
 * ps_scenario: AN_HO_4_ConventionalVeal_test
 * ps_marketchannel: ConventionalVeal

INFO  [2022-09-16 10:50:42] read_file_input -- Starting function with parameters:
 * ps_input_file: /home/zws/R/x86_64-pc-linux-gnu-library/4.1/qp4ewc/extdata/ewdc/input_geneticSD.txt
INFO  [2022-09-16 10:50:42] read_file_input -- File exists:
 * ps_input_file/home/zws/R/x86_64-pc-linux-gnu-library/4.1/qp4ewc/extdata/ewdc/input_geneticSD.txt
INFO  [2022-09-16 10:50:42] read_file_input -- Read file: 
 * ps_input_file: /home/zws/R/x86_64-pc-linux-gnu-library/4.1/qp4ewc/extdata/ewdc/input_geneticSD.txt
 * in a tibble

INFO  [2022-09-16 10:50:42] plot_piechart_ewbc -- Starting function with parameters:
 * ps_path_2genSD/home/zws/R/x86_64-pc-linux-gnu-library/4.1/qp4ewc/extdata/ewdc/input_geneticSD.txt
 * ptbl_EW_results 
 * ps_traitgroup2consider: Carcass Traits
 * ps_scenario: AN_HO_4_ConventionalVeal_test
 * ps_marketchannel: ConventionalVeal

INFO  [2022-09-16 10:50:42] read_file_input -- Starting function with parameters:
 * ps_input_file: /home/zws/R/x86_64-pc-linux-gnu-library/4.1/qp4ewc/extdata/ewdc/input_geneticSD.txt
INFO  [2022-09-16 10:50:42] read_file_input -- File exists:
 * ps_input_file/home/zws/R/x86_64-pc-linux-gnu-library/4.1/qp4ewc/extdata/ewdc/input_geneticSD.txt
INFO  [2022-09-16 10:50:42] read_file_input -- Read file: 
 * ps_input_file: /home/zws/R/x86_64-pc-linux-gnu-library/4.1/qp4ewc/extdata/ewdc/input_geneticSD.txt
 * in a tibble

INFO  [2022-09-16 10:50:42] plot_piechart_ewbc -- Starting function with parameters:
 * ps_path_2genSD/home/zws/R/x86_64-pc-linux-gnu-library/4.1/qp4ewc/extdata/ewdc/input_geneticSD.txt
 * ptbl_EW_results 
 * ps_traitgroup2consider: Combined
 * ps_scenario: AN_HO_4_ConventionalVeal_test
 * ps_marketchannel: ConventionalVeal

INFO  [2022-09-16 10:50:42] read_file_input -- Starting function with parameters:
 * ps_input_file: /home/zws/R/x86_64-pc-linux-gnu-library/4.1/qp4ewc/extdata/ewdc/input_geneticSD.txt
INFO  [2022-09-16 10:50:42] read_file_input -- File exists:
 * ps_input_file/home/zws/R/x86_64-pc-linux-gnu-library/4.1/qp4ewc/extdata/ewdc/input_geneticSD.txt
INFO  [2022-09-16 10:50:42] read_file_input -- Read file: 
 * ps_input_file: /home/zws/R/x86_64-pc-linux-gnu-library/4.1/qp4ewc/extdata/ewdc/input_geneticSD.txt
 * in a tibble

INFO  [2022-09-16 10:50:42] plot_piechart_ewbc -- Starting function with parameters:
 * ps_path_2genSD/home/zws/R/x86_64-pc-linux-gnu-library/4.1/qp4ewc/extdata/ewdc/input_geneticSD.txt
 * ptbl_EW_results 
 * ps_traitgroup2consider: Functional Traits
 * ps_scenario: AN_HO_4_Export_test
 * ps_marketchannel: Export

INFO  [2022-09-16 10:50:42] read_file_input -- Starting function with parameters:
 * ps_input_file: /home/zws/R/x86_64-pc-linux-gnu-library/4.1/qp4ewc/extdata/ewdc/input_geneticSD.txt
INFO  [2022-09-16 10:50:42] read_file_input -- File exists:
 * ps_input_file/home/zws/R/x86_64-pc-linux-gnu-library/4.1/qp4ewc/extdata/ewdc/input_geneticSD.txt
INFO  [2022-09-16 10:50:42] read_file_input -- Read file: 
 * ps_input_file: /home/zws/R/x86_64-pc-linux-gnu-library/4.1/qp4ewc/extdata/ewdc/input_geneticSD.txt
 * in a tibble

INFO  [2022-09-16 10:50:43] plot_piechart_ewbc -- Starting function with parameters:
 * ps_path_2genSD/home/zws/R/x86_64-pc-linux-gnu-library/4.1/qp4ewc/extdata/ewdc/input_geneticSD.txt
 * ptbl_EW_results 
 * ps_traitgroup2consider: Functional Traits
 * ps_scenario: LM_BS_4_ConventionalBeef_test
 * ps_marketchannel: ConventionalBeef

INFO  [2022-09-16 10:50:43] read_file_input -- Starting function with parameters:
 * ps_input_file: /home/zws/R/x86_64-pc-linux-gnu-library/4.1/qp4ewc/extdata/ewdc/input_geneticSD.txt
INFO  [2022-09-16 10:50:43] read_file_input -- File exists:
 * ps_input_file/home/zws/R/x86_64-pc-linux-gnu-library/4.1/qp4ewc/extdata/ewdc/input_geneticSD.txt
INFO  [2022-09-16 10:50:43] read_file_input -- Read file: 
 * ps_input_file: /home/zws/R/x86_64-pc-linux-gnu-library/4.1/qp4ewc/extdata/ewdc/input_geneticSD.txt
 * in a tibble

INFO  [2022-09-16 10:50:43] plot_piechart_ewbc -- Starting function with parameters:
 * ps_path_2genSD/home/zws/R/x86_64-pc-linux-gnu-library/4.1/qp4ewc/extdata/ewdc/input_geneticSD.txt
 * ptbl_EW_results 
 * ps_traitgroup2consider: Carcass Traits
 * ps_scenario: LM_BS_4_ConventionalBeef_test
 * ps_marketchannel: ConventionalBeef

INFO  [2022-09-16 10:50:43] read_file_input -- Starting function with parameters:
 * ps_input_file: /home/zws/R/x86_64-pc-linux-gnu-library/4.1/qp4ewc/extdata/ewdc/input_geneticSD.txt
INFO  [2022-09-16 10:50:43] read_file_input -- File exists:
 * ps_input_file/home/zws/R/x86_64-pc-linux-gnu-library/4.1/qp4ewc/extdata/ewdc/input_geneticSD.txt
INFO  [2022-09-16 10:50:43] read_file_input -- Read file: 
 * ps_input_file: /home/zws/R/x86_64-pc-linux-gnu-library/4.1/qp4ewc/extdata/ewdc/input_geneticSD.txt
 * in a tibble

INFO  [2022-09-16 10:50:43] plot_piechart_ewbc -- Starting function with parameters:
 * ps_path_2genSD/home/zws/R/x86_64-pc-linux-gnu-library/4.1/qp4ewc/extdata/ewdc/input_geneticSD.txt
 * ptbl_EW_results 
 * ps_traitgroup2consider: Combined
 * ps_scenario: LM_BS_4_ConventionalBeef_test
 * ps_marketchannel: ConventionalBeef

INFO  [2022-09-16 10:50:43] read_file_input -- Starting function with parameters:
 * ps_input_file: /home/zws/R/x86_64-pc-linux-gnu-library/4.1/qp4ewc/extdata/ewdc/input_geneticSD.txt
INFO  [2022-09-16 10:50:43] read_file_input -- File exists:
 * ps_input_file/home/zws/R/x86_64-pc-linux-gnu-library/4.1/qp4ewc/extdata/ewdc/input_geneticSD.txt
INFO  [2022-09-16 10:50:43] read_file_input -- Read file: 
 * ps_input_file: /home/zws/R/x86_64-pc-linux-gnu-library/4.1/qp4ewc/extdata/ewdc/input_geneticSD.txt
 * in a tibble

INFO  [2022-09-16 10:50:44] plot_piechart_ewbc -- Starting function with parameters:
 * ps_path_2genSD/home/zws/R/x86_64-pc-linux-gnu-library/4.1/qp4ewc/extdata/ewdc/input_geneticSD.txt
 * ptbl_EW_results 
 * ps_traitgroup2consider: Functional Traits
 * ps_scenario: LM_BS_4_Export_test
 * ps_marketchannel: Export

INFO  [2022-09-16 10:50:44] read_file_input -- Starting function with parameters:
 * ps_input_file: /home/zws/R/x86_64-pc-linux-gnu-library/4.1/qp4ewc/extdata/ewdc/input_geneticSD.txt
INFO  [2022-09-16 10:50:44] read_file_input -- File exists:
 * ps_input_file/home/zws/R/x86_64-pc-linux-gnu-library/4.1/qp4ewc/extdata/ewdc/input_geneticSD.txt
INFO  [2022-09-16 10:50:44] read_file_input -- Read file: 
 * ps_input_file: /home/zws/R/x86_64-pc-linux-gnu-library/4.1/qp4ewc/extdata/ewdc/input_geneticSD.txt
 * in a tibble

INFO  [2022-09-16 10:50:44] plot_piechart_ewbc -- Starting function with parameters:
 * ps_path_2genSD/home/zws/R/x86_64-pc-linux-gnu-library/4.1/qp4ewc/extdata/ewdc/input_geneticSD.txt
 * ptbl_EW_results 
 * ps_traitgroup2consider: Functional Traits
 * ps_scenario: LM_HO_4_ConventionalBeef_test
 * ps_marketchannel: ConventionalBeef

INFO  [2022-09-16 10:50:44] read_file_input -- Starting function with parameters:
 * ps_input_file: /home/zws/R/x86_64-pc-linux-gnu-library/4.1/qp4ewc/extdata/ewdc/input_geneticSD.txt
INFO  [2022-09-16 10:50:44] read_file_input -- File exists:
 * ps_input_file/home/zws/R/x86_64-pc-linux-gnu-library/4.1/qp4ewc/extdata/ewdc/input_geneticSD.txt
INFO  [2022-09-16 10:50:44] read_file_input -- Read file: 
 * ps_input_file: /home/zws/R/x86_64-pc-linux-gnu-library/4.1/qp4ewc/extdata/ewdc/input_geneticSD.txt
 * in a tibble

INFO  [2022-09-16 10:50:44] plot_piechart_ewbc -- Starting function with parameters:
 * ps_path_2genSD/home/zws/R/x86_64-pc-linux-gnu-library/4.1/qp4ewc/extdata/ewdc/input_geneticSD.txt
 * ptbl_EW_results 
 * ps_traitgroup2consider: Carcass Traits
 * ps_scenario: LM_HO_4_ConventionalBeef_test
 * ps_marketchannel: ConventionalBeef

INFO  [2022-09-16 10:50:44] read_file_input -- Starting function with parameters:
 * ps_input_file: /home/zws/R/x86_64-pc-linux-gnu-library/4.1/qp4ewc/extdata/ewdc/input_geneticSD.txt
INFO  [2022-09-16 10:50:44] read_file_input -- File exists:
 * ps_input_file/home/zws/R/x86_64-pc-linux-gnu-library/4.1/qp4ewc/extdata/ewdc/input_geneticSD.txt
INFO  [2022-09-16 10:50:44] read_file_input -- Read file: 
 * ps_input_file: /home/zws/R/x86_64-pc-linux-gnu-library/4.1/qp4ewc/extdata/ewdc/input_geneticSD.txt
 * in a tibble

INFO  [2022-09-16 10:50:44] plot_piechart_ewbc -- Starting function with parameters:
 * ps_path_2genSD/home/zws/R/x86_64-pc-linux-gnu-library/4.1/qp4ewc/extdata/ewdc/input_geneticSD.txt
 * ptbl_EW_results 
 * ps_traitgroup2consider: Combined
 * ps_scenario: LM_HO_4_ConventionalBeef_test
 * ps_marketchannel: ConventionalBeef

INFO  [2022-09-16 10:50:44] read_file_input -- Starting function with parameters:
 * ps_input_file: /home/zws/R/x86_64-pc-linux-gnu-library/4.1/qp4ewc/extdata/ewdc/input_geneticSD.txt
INFO  [2022-09-16 10:50:44] read_file_input -- File exists:
 * ps_input_file/home/zws/R/x86_64-pc-linux-gnu-library/4.1/qp4ewc/extdata/ewdc/input_geneticSD.txt
INFO  [2022-09-16 10:50:44] read_file_input -- Read file: 
 * ps_input_file: /home/zws/R/x86_64-pc-linux-gnu-library/4.1/qp4ewc/extdata/ewdc/input_geneticSD.txt
 * in a tibble

INFO  [2022-09-16 10:50:45] plot_piechart_ewbc -- Starting function with parameters:
 * ps_path_2genSD/home/zws/R/x86_64-pc-linux-gnu-library/4.1/qp4ewc/extdata/ewdc/input_geneticSD.txt
 * ptbl_EW_results 
 * ps_traitgroup2consider: Functional Traits
 * ps_scenario: LM_HO_4_ConventionalVeal_test
 * ps_marketchannel: ConventionalVeal

INFO  [2022-09-16 10:50:45] read_file_input -- Starting function with parameters:
 * ps_input_file: /home/zws/R/x86_64-pc-linux-gnu-library/4.1/qp4ewc/extdata/ewdc/input_geneticSD.txt
INFO  [2022-09-16 10:50:45] read_file_input -- File exists:
 * ps_input_file/home/zws/R/x86_64-pc-linux-gnu-library/4.1/qp4ewc/extdata/ewdc/input_geneticSD.txt
INFO  [2022-09-16 10:50:45] read_file_input -- Read file: 
 * ps_input_file: /home/zws/R/x86_64-pc-linux-gnu-library/4.1/qp4ewc/extdata/ewdc/input_geneticSD.txt
 * in a tibble

INFO  [2022-09-16 10:50:45] plot_piechart_ewbc -- Starting function with parameters:
 * ps_path_2genSD/home/zws/R/x86_64-pc-linux-gnu-library/4.1/qp4ewc/extdata/ewdc/input_geneticSD.txt
 * ptbl_EW_results 
 * ps_traitgroup2consider: Carcass Traits
 * ps_scenario: LM_HO_4_ConventionalVeal_test
 * ps_marketchannel: ConventionalVeal

INFO  [2022-09-16 10:50:45] read_file_input -- Starting function with parameters:
 * ps_input_file: /home/zws/R/x86_64-pc-linux-gnu-library/4.1/qp4ewc/extdata/ewdc/input_geneticSD.txt
INFO  [2022-09-16 10:50:45] read_file_input -- File exists:
 * ps_input_file/home/zws/R/x86_64-pc-linux-gnu-library/4.1/qp4ewc/extdata/ewdc/input_geneticSD.txt
INFO  [2022-09-16 10:50:45] read_file_input -- Read file: 
 * ps_input_file: /home/zws/R/x86_64-pc-linux-gnu-library/4.1/qp4ewc/extdata/ewdc/input_geneticSD.txt
 * in a tibble

INFO  [2022-09-16 10:50:45] plot_piechart_ewbc -- Starting function with parameters:
 * ps_path_2genSD/home/zws/R/x86_64-pc-linux-gnu-library/4.1/qp4ewc/extdata/ewdc/input_geneticSD.txt
 * ptbl_EW_results 
 * ps_traitgroup2consider: Combined
 * ps_scenario: LM_HO_4_ConventionalVeal_test
 * ps_marketchannel: ConventionalVeal

INFO  [2022-09-16 10:50:45] read_file_input -- Starting function with parameters:
 * ps_input_file: /home/zws/R/x86_64-pc-linux-gnu-library/4.1/qp4ewc/extdata/ewdc/input_geneticSD.txt
INFO  [2022-09-16 10:50:45] read_file_input -- File exists:
 * ps_input_file/home/zws/R/x86_64-pc-linux-gnu-library/4.1/qp4ewc/extdata/ewdc/input_geneticSD.txt
INFO  [2022-09-16 10:50:45] read_file_input -- Read file: 
 * ps_input_file: /home/zws/R/x86_64-pc-linux-gnu-library/4.1/qp4ewc/extdata/ewdc/input_geneticSD.txt
 * in a tibble

INFO  [2022-09-16 10:50:46] plot_piechart_ewbc -- Starting function with parameters:
 * ps_path_2genSD/home/zws/R/x86_64-pc-linux-gnu-library/4.1/qp4ewc/extdata/ewdc/input_geneticSD.txt
 * ptbl_EW_results 
 * ps_traitgroup2consider: Functional Traits
 * ps_scenario: LM_HO_4_Export_test
 * ps_marketchannel: Export

INFO  [2022-09-16 10:50:46] read_file_input -- Starting function with parameters:
 * ps_input_file: /home/zws/R/x86_64-pc-linux-gnu-library/4.1/qp4ewc/extdata/ewdc/input_geneticSD.txt
INFO  [2022-09-16 10:50:46] read_file_input -- File exists:
 * ps_input_file/home/zws/R/x86_64-pc-linux-gnu-library/4.1/qp4ewc/extdata/ewdc/input_geneticSD.txt
INFO  [2022-09-16 10:50:46] read_file_input -- Read file: 
 * ps_input_file: /home/zws/R/x86_64-pc-linux-gnu-library/4.1/qp4ewc/extdata/ewdc/input_geneticSD.txt
 * in a tibble

