INFO  [2022-06-28 11:26:36] calculate_abortion_rate -- Starting function with parameters:
 * ps_input_calving_tibble 
 * ps_statement_firstlactation: TRUE
INFO  [2022-06-28 11:26:36] calculate_abortion_rate -- Only consider known calving score to calculate abortion rate
INFO  [2022-06-28 11:26:36] calculate_abortion_rate -- A Tibble for primiparous has been created for the calculation of abortion rate 
INFO  [2022-06-28 11:26:36] calculate_abortion_rate -- Abort information are available in the dataset so that abortion rate can be calculated
INFO  [2022-06-28 11:26:36] calculate_abortion_rate -- abortion_rate is : 0.2
INFO  [2022-06-28 11:26:36] calculate_abortion_rate -- Starting function with parameters:
 * ps_input_calving_tibble 
 * ps_statement_firstlactation: FALSE
INFO  [2022-06-28 11:26:36] calculate_abortion_rate -- Only consider known calving score to calculate abortion rate
INFO  [2022-06-28 11:26:36] calculate_abortion_rate -- A Tibble for multiparous has been created for the calculation of abortion rate 
INFO  [2022-06-28 11:45:58] calculate_abortion_rate -- Starting function with parameters:
 * ps_input_calving_tibble 
 * ps_statement_firstlactation: TRUE
INFO  [2022-06-28 11:45:58] calculate_abortion_rate -- Only consider known calving score to calculate abortion rate
INFO  [2022-06-28 11:45:58] calculate_abortion_rate -- A Tibble for primiparous has been created for the calculation of abortion rate 
INFO  [2022-06-28 11:45:58] calculate_abortion_rate -- Abort information are available in the dataset so that abortion rate can be calculated
INFO  [2022-06-28 11:45:58] calculate_abortion_rate -- abortion_rate is : 0.2
INFO  [2022-06-28 11:45:58] calculate_abortion_rate -- Starting function with parameters:
 * ps_input_calving_tibble 
 * ps_statement_firstlactation: FALSE
INFO  [2022-06-28 11:45:58] calculate_abortion_rate -- Only consider known calving score to calculate abortion rate
INFO  [2022-06-28 11:45:58] calculate_abortion_rate -- A Tibble for multiparous has been created for the calculation of abortion rate 
INFO  [2022-06-28 11:54:50] calculate_abortion_rate -- Starting function with parameters:
 * ps_input_calving_tibble 
 * ps_statement_firstlactation: TRUE
INFO  [2022-06-28 11:54:52] calculate_abortion_rate -- Only consider known calving score to calculate abortion rate
INFO  [2022-06-28 11:54:54] calculate_abortion_rate -- A Tibble for primiparous has been created for the calculation of abortion rate 
INFO  [2022-06-28 11:54:54] calculate_abortion_rate -- Abort information are available in the dataset so that abortion rate can be calculated
INFO  [2022-06-28 11:54:54] calculate_abortion_rate -- abortion_rate is : 0.0044
INFO  [2022-06-28 11:54:54] calculate_abortion_rate -- Starting function with parameters:
 * ps_input_calving_tibble 
 * ps_statement_firstlactation: FALSE
INFO  [2022-06-28 11:54:55] calculate_abortion_rate -- Only consider known calving score to calculate abortion rate
INFO  [2022-06-28 11:54:58] calculate_abortion_rate -- A Tibble for multiparous has been created for the calculation of abortion rate 
INFO  [2022-06-28 11:54:58] calculate_abortion_rate -- Abort information are available in the dataset so that abortion rate can be calculated
INFO  [2022-06-28 11:54:58] calculate_abortion_rate -- abortion_rate is : 0.0018
INFO  [2022-06-28 14:54:42] calculate_abortion_rate -- Starting function with parameters:
 * ps_input_calving_tibble 
 * ps_statement_firstlactation: TRUE
INFO  [2022-06-28 14:54:44] calculate_abortion_rate -- Only consider known calving score to calculate abortion rate
INFO  [2022-06-28 14:54:46] calculate_abortion_rate -- A Tibble for primiparous has been created for the calculation of abortion rate 
INFO  [2022-06-28 14:54:46] calculate_abortion_rate -- Abort information are available in the dataset so that abortion rate can be calculated
INFO  [2022-06-28 14:54:46] calculate_abortion_rate -- abortion_rate is : 0.0044
INFO  [2022-06-28 14:54:46] calculate_abortion_rate -- Starting function with parameters:
 * ps_input_calving_tibble 
 * ps_statement_firstlactation: FALSE
INFO  [2022-06-28 14:54:47] calculate_abortion_rate -- Only consider known calving score to calculate abortion rate
INFO  [2022-06-28 14:54:49] calculate_abortion_rate -- A Tibble for multiparous has been created for the calculation of abortion rate 
INFO  [2022-06-28 14:54:49] calculate_abortion_rate -- Abort information are available in the dataset so that abortion rate can be calculated
INFO  [2022-06-28 14:54:49] calculate_abortion_rate -- abortion_rate is : 0.0018
INFO  [2022-06-28 14:56:47] calculate_abortion_rate -- Starting function with parameters:
 * ps_input_calving_tibble 
 * ps_statement_firstlactation: TRUE
INFO  [2022-06-28 14:56:49] calculate_abortion_rate -- Only consider known calving score to calculate abortion rate
INFO  [2022-06-28 14:56:51] calculate_abortion_rate -- A Tibble for primiparous has been created for the calculation of abortion rate 
INFO  [2022-06-28 14:56:51] calculate_abortion_rate -- Abort information are available in the dataset so that abortion rate can be calculated
INFO  [2022-06-28 14:56:51] calculate_abortion_rate -- abortion_rate is : 0.0044
INFO  [2022-06-28 14:56:51] calculate_abortion_rate -- Starting function with parameters:
 * ps_input_calving_tibble 
 * ps_statement_firstlactation: FALSE
INFO  [2022-06-28 14:56:52] calculate_abortion_rate -- Only consider known calving score to calculate abortion rate
INFO  [2022-06-28 14:56:55] calculate_abortion_rate -- A Tibble for multiparous has been created for the calculation of abortion rate 
INFO  [2022-06-28 14:56:55] calculate_abortion_rate -- Abort information are available in the dataset so that abortion rate can be calculated
INFO  [2022-06-28 14:56:55] calculate_abortion_rate -- abortion_rate is : 0.0018
