INFO  [2022-06-28 11:26:36] update_input_parameter_file -- Starting function with parameters:
 * ps_path2template_input_parameter_file: /home/jgearing/Ecoweight_package/qp4ewc/inst/extdata/ewdc/LM_HO_4_ConventionalBeef/INPUT07.TXT
 * ps_statement2search: Vector of probabilities of abortion for cows conceived in reproductive cycles 1 to LL
 * ps_value2update: 0.2 0.0014 0.0014 0.0014 0.0014 0.0014 0.0014 0.0014 0.0014 0.0014
INFO  [2022-06-28 11:26:36] update_input_parameter_file -- File exists:
 * ps_path2template_input_parameter_file/home/jgearing/Ecoweight_package/qp4ewc/inst/extdata/ewdc/LM_HO_4_ConventionalBeef/INPUT07.TXT
INFO  [2022-06-28 11:26:36] update_input_parameter_file -- Surch:
 * ps_statement2search: Vector of probabilities of abortion for cows conceived in reproductive cycles 1 to LL
 * Find statement on vector-line: 46
INFO  [2022-06-28 11:26:36] update_input_parameter_file -- Update the value:
 * ps_value2update: 0.2 0.0014 0.0014 0.0014 0.0014 0.0014 0.0014 0.0014 0.0014 0.0014
 * of the statement ps_statement2search: Vector of probabilities of abortion for cows conceived in reproductive cycles 1 to LL
 * on vector-line: 45

INFO  [2022-06-28 11:26:36] update_input_parameter_file -- Starting function with parameters:
 * ps_path2template_input_parameter_file: /home/jgearing/Ecoweight_package/qp4ewc/inst/extdata/ewdc/LM_HO_4_ConventionalBeef/INPUT07.TXT
 * ps_statement2search: Vector of still born calves after easy calving as proportion of cows having easy calving in reproductive cycles 1 to LL
 * ps_value2update: 0.6667 0.0004 0.0004 0.0004 0.0004 0.0004 0.0004 0.0004 0.0004 0.0004
INFO  [2022-06-28 11:26:36] update_input_parameter_file -- File exists:
 * ps_path2template_input_parameter_file/home/jgearing/Ecoweight_package/qp4ewc/inst/extdata/ewdc/LM_HO_4_ConventionalBeef/INPUT07.TXT
INFO  [2022-06-28 11:26:36] update_input_parameter_file -- Surch:
 * ps_statement2search: Vector of still born calves after easy calving as proportion of cows having easy calving in reproductive cycles 1 to LL
 * Find statement on vector-line: 52
INFO  [2022-06-28 11:26:36] update_input_parameter_file -- Update the value:
 * ps_value2update: 0.6667 0.0004 0.0004 0.0004 0.0004 0.0004 0.0004 0.0004 0.0004 0.0004
 * of the statement ps_statement2search: Vector of still born calves after easy calving as proportion of cows having easy calving in reproductive cycles 1 to LL
 * on vector-line: 51

INFO  [2022-06-28 11:26:36] update_input_parameter_file -- Starting function with parameters:
 * ps_path2template_input_parameter_file: /home/jgearing/Ecoweight_package/qp4ewc/inst/extdata/ewdc/LM_HO_4_ConventionalBeef/INPUT07.TXT
 * ps_statement2search: Vector of calves died to 48 hours from calves born alive after dystocia in reproductive cycles 1 to LL
 * ps_value2update: 4
INFO  [2022-06-28 11:26:36] update_input_parameter_file -- File exists:
 * ps_path2template_input_parameter_file/home/jgearing/Ecoweight_package/qp4ewc/inst/extdata/ewdc/LM_HO_4_ConventionalBeef/INPUT07.TXT
INFO  [2022-06-28 11:26:36] update_input_parameter_file -- Surch:
 * ps_statement2search: Vector of calves died to 48 hours from calves born alive after dystocia in reproductive cycles 1 to LL
 * Find statement on vector-line: 55
INFO  [2022-06-28 11:26:36] update_input_parameter_file -- Update the value:
 * ps_value2update: 4
 * of the statement ps_statement2search: Vector of calves died to 48 hours from calves born alive after dystocia in reproductive cycles 1 to LL
 * on vector-line: 54

INFO  [2022-06-28 11:26:36] update_input_parameter_file -- Starting function with parameters:
 * ps_path2template_input_parameter_file: /home/jgearing/Ecoweight_package/qp4ewc/inst/extdata/ewdc/LM_HO_4_ConventionalBeef/INPUT07.TXT
 * ps_statement2search: Vector of calves died to 48 hours from calves born alive after easy calving in reproductive cycles 1 to LL
 * ps_value2update: 3
INFO  [2022-06-28 11:26:36] update_input_parameter_file -- File exists:
 * ps_path2template_input_parameter_file/home/jgearing/Ecoweight_package/qp4ewc/inst/extdata/ewdc/LM_HO_4_ConventionalBeef/INPUT07.TXT
INFO  [2022-06-28 11:26:36] update_input_parameter_file -- Surch:
 * ps_statement2search: Vector of calves died to 48 hours from calves born alive after easy calving in reproductive cycles 1 to LL
 * Find statement on vector-line: 58
INFO  [2022-06-28 11:26:36] update_input_parameter_file -- Update the value:
 * ps_value2update: 3
 * of the statement ps_statement2search: Vector of calves died to 48 hours from calves born alive after easy calving in reproductive cycles 1 to LL
 * on vector-line: 57

INFO  [2022-06-28 11:26:37] update_input_parameter_file -- Starting function with parameters:
 * ps_path2template_input_parameter_file: /home/jgearing/Ecoweight_package/qp4ewc/inst/extdata/ewdc/LM_HO_4_ConventionalBeef/INPUT07.TXT
 * ps_statement2search: Probability of calving score 2 when a pure-bred dairy female calf is born in reproductive cycles 1 to LL
 * ps_value2update: 0 0 0 0 0 0 0 0 0 0
INFO  [2022-06-28 11:26:37] update_input_parameter_file -- File exists:
 * ps_path2template_input_parameter_file/home/jgearing/Ecoweight_package/qp4ewc/inst/extdata/ewdc/LM_HO_4_ConventionalBeef/INPUT07.TXT
INFO  [2022-06-28 11:26:37] update_input_parameter_file -- Surch:
 * ps_statement2search: Probability of calving score 2 when a pure-bred dairy female calf is born in reproductive cycles 1 to LL
 * Find statement on vector-line: 70
INFO  [2022-06-28 11:26:37] update_input_parameter_file -- Update the value:
 * ps_value2update: 0 0 0 0 0 0 0 0 0 0
 * of the statement ps_statement2search: Probability of calving score 2 when a pure-bred dairy female calf is born in reproductive cycles 1 to LL
 * on vector-line: 69

INFO  [2022-06-28 11:26:37] update_input_parameter_file -- Starting function with parameters:
 * ps_path2template_input_parameter_file: /home/jgearing/Ecoweight_package/qp4ewc/inst/extdata/ewdc/LM_HO_4_ConventionalBeef/INPUT07.TXT
 * ps_statement2search: Probability of calving score 2 when a pure-bred dairy male calf is born in reproductive cycles 1 to LL
 * ps_value2update: 0 0 0 0 0 0 0 0 0 0
INFO  [2022-06-28 11:26:37] update_input_parameter_file -- File exists:
 * ps_path2template_input_parameter_file/home/jgearing/Ecoweight_package/qp4ewc/inst/extdata/ewdc/LM_HO_4_ConventionalBeef/INPUT07.TXT
INFO  [2022-06-28 11:26:37] update_input_parameter_file -- Surch:
 * ps_statement2search: Probability of calving score 2 when a pure-bred dairy male calf is born in reproductive cycles 1 to LL
 * Find statement on vector-line: 73
INFO  [2022-06-28 11:26:37] update_input_parameter_file -- Update the value:
 * ps_value2update: 0 0 0 0 0 0 0 0 0 0
 * of the statement ps_statement2search: Probability of calving score 2 when a pure-bred dairy male calf is born in reproductive cycles 1 to LL
 * on vector-line: 72

INFO  [2022-06-28 11:26:37] update_input_parameter_file -- Starting function with parameters:
 * ps_path2template_input_parameter_file: /home/jgearing/Ecoweight_package/qp4ewc/inst/extdata/ewdc/LM_HO_4_ConventionalBeef/INPUT07.TXT
 * ps_statement2search: Probability of calving score 3 when a pure-bred dairy female calf is born in reproductive cycles 1 to LL
 * ps_value2update: 0 0 0 0 0 0 0 0 0 0
INFO  [2022-06-28 11:26:37] update_input_parameter_file -- File exists:
 * ps_path2template_input_parameter_file/home/jgearing/Ecoweight_package/qp4ewc/inst/extdata/ewdc/LM_HO_4_ConventionalBeef/INPUT07.TXT
INFO  [2022-06-28 11:26:37] update_input_parameter_file -- Surch:
 * ps_statement2search: Probability of calving score 3 when a pure-bred dairy female calf is born in reproductive cycles 1 to LL
 * Find statement on vector-line: 76
INFO  [2022-06-28 11:26:37] update_input_parameter_file -- Update the value:
 * ps_value2update: 0 0 0 0 0 0 0 0 0 0
 * of the statement ps_statement2search: Probability of calving score 3 when a pure-bred dairy female calf is born in reproductive cycles 1 to LL
 * on vector-line: 75

INFO  [2022-06-28 11:58:39] update_input_parameter_file -- Starting function with parameters:
 * ps_path2template_input_parameter_file: /home/jgearing/Ecoweight_package/qp4ewc/inst/extdata/ewdc/AN_HO_4_ConventionalBeef/INPUT07.TXT
 * ps_statement2search: Vector of probabilities of abortion for cows conceived in reproductive cycles 1 to LL
 * ps_value2update: 0.0044 0.0018 0.0018 0.0018 0.0018 0.0018 0.0018 0.0018 0.0018 0.0018
INFO  [2022-06-28 11:59:21] update_input_parameter_file -- Starting function with parameters:
 * ps_path2template_input_parameter_file: /home/jgearing/Ecoweight_package/qp4ewc/inst/extdata/ewdc/AN_HO_4_ConventionalBeef/INPUT07.TXT
 * ps_statement2search: Vector of probabilities of abortion for cows conceived in reproductive cycles 1 to LL
 * ps_value2update: 0.0044 0.0018 0.0018 0.0018 0.0018 0.0018 0.0018 0.0018 0.0018 0.0018
INFO  [2022-06-28 11:59:21] update_input_parameter_file -- File exists:
 * ps_path2template_input_parameter_file/home/jgearing/Ecoweight_package/qp4ewc/inst/extdata/ewdc/AN_HO_4_ConventionalBeef/INPUT07.TXT
INFO  [2022-06-28 11:59:21] update_input_parameter_file -- Surch:
 * ps_statement2search: Vector of probabilities of abortion for cows conceived in reproductive cycles 1 to LL
 * Find statement on vector-line: 46
INFO  [2022-06-28 11:59:21] update_input_parameter_file -- Update the value:
 * ps_value2update: 0.0044 0.0018 0.0018 0.0018 0.0018 0.0018 0.0018 0.0018 0.0018 0.0018
 * of the statement ps_statement2search: Vector of probabilities of abortion for cows conceived in reproductive cycles 1 to LL
 * on vector-line: 45

INFO  [2022-06-28 13:07:50] update_input_parameter_file -- Starting function with parameters:
 * ps_path2template_input_parameter_file: /home/jgearing/Ecoweight_package/qp4ewc/inst/extdata/ewdc/AN_HO_4_ConventionalBeef/INPUT07.TXT
 * ps_statement2search: Vector of still born calves after easy calving as proportion of cows having easy calving in reproductive cycles 1 to LL
 * ps_value2update: 0.001 8e-04 8e-04 8e-04 8e-04 8e-04 8e-04 8e-04 8e-04 8e-04
INFO  [2022-06-28 13:07:50] update_input_parameter_file -- File exists:
 * ps_path2template_input_parameter_file/home/jgearing/Ecoweight_package/qp4ewc/inst/extdata/ewdc/AN_HO_4_ConventionalBeef/INPUT07.TXT
INFO  [2022-06-28 13:07:50] update_input_parameter_file -- Surch:
 * ps_statement2search: Vector of still born calves after easy calving as proportion of cows having easy calving in reproductive cycles 1 to LL
 * Find statement on vector-line: 52
INFO  [2022-06-28 13:07:50] update_input_parameter_file -- Update the value:
 * ps_value2update: 0.001 8e-04 8e-04 8e-04 8e-04 8e-04 8e-04 8e-04 8e-04 8e-04
 * of the statement ps_statement2search: Vector of still born calves after easy calving as proportion of cows having easy calving in reproductive cycles 1 to LL
 * on vector-line: 51

INFO  [2022-06-28 13:07:54] update_input_parameter_file -- Starting function with parameters:
 * ps_path2template_input_parameter_file: /home/jgearing/Ecoweight_package/qp4ewc/inst/extdata/ewdc/AN_HO_4_ConventionalBeef/INPUT07.TXT
 * ps_statement2search: Vector of still born calves after easy calving as proportion of cows having easy calving in reproductive cycles 1 to LL
 * ps_value2update: 0.001 8e-04 8e-04 8e-04 8e-04 8e-04 8e-04 8e-04 8e-04 8e-04
INFO  [2022-06-28 13:07:54] update_input_parameter_file -- File exists:
 * ps_path2template_input_parameter_file/home/jgearing/Ecoweight_package/qp4ewc/inst/extdata/ewdc/AN_HO_4_ConventionalBeef/INPUT07.TXT
INFO  [2022-06-28 13:07:54] update_input_parameter_file -- Surch:
 * ps_statement2search: Vector of still born calves after easy calving as proportion of cows having easy calving in reproductive cycles 1 to LL
 * Find statement on vector-line: 52
INFO  [2022-06-28 13:07:54] update_input_parameter_file -- Update the value:
 * ps_value2update: 0.001 8e-04 8e-04 8e-04 8e-04 8e-04 8e-04 8e-04 8e-04 8e-04
 * of the statement ps_statement2search: Vector of still born calves after easy calving as proportion of cows having easy calving in reproductive cycles 1 to LL
 * on vector-line: 51

INFO  [2022-06-28 13:07:54] update_input_parameter_file -- Starting function with parameters:
 * ps_path2template_input_parameter_file: /home/jgearing/Ecoweight_package/qp4ewc/inst/extdata/ewdc/AN_HO_4_ConventionalBeef/INPUT07.TXT
 * ps_statement2search: Vector of still born calves after dystocia as proportion of cows having dystocia in reproductive cycles 1 to LL
 * ps_value2update: 0.0136 0.0104 0.0104 0.0104 0.0104 0.0104 0.0104 0.0104 0.0104 0.0104
INFO  [2022-06-28 13:07:54] update_input_parameter_file -- File exists:
 * ps_path2template_input_parameter_file/home/jgearing/Ecoweight_package/qp4ewc/inst/extdata/ewdc/AN_HO_4_ConventionalBeef/INPUT07.TXT
INFO  [2022-06-28 13:07:54] update_input_parameter_file -- Surch:
 * ps_statement2search: Vector of still born calves after dystocia as proportion of cows having dystocia in reproductive cycles 1 to LL
 * Find statement on vector-line: 49
INFO  [2022-06-28 13:07:54] update_input_parameter_file -- Update the value:
 * ps_value2update: 0.0136 0.0104 0.0104 0.0104 0.0104 0.0104 0.0104 0.0104 0.0104 0.0104
 * of the statement ps_statement2search: Vector of still born calves after dystocia as proportion of cows having dystocia in reproductive cycles 1 to LL
 * on vector-line: 48

INFO  [2022-06-28 13:08:41] update_input_parameter_file -- Starting function with parameters:
 * ps_path2template_input_parameter_file: /home/jgearing/Ecoweight_package/qp4ewc/inst/extdata/ewdc/AN_HO_4_ConventionalBeef/INPUT11.TXT
 * ps_statement2search: Number of classes for calving performance (must be in the interval from 2 to 6)
 * ps_value2update: 4
INFO  [2022-06-28 13:08:41] update_input_parameter_file -- File exists:
 * ps_path2template_input_parameter_file/home/jgearing/Ecoweight_package/qp4ewc/inst/extdata/ewdc/AN_HO_4_ConventionalBeef/INPUT11.TXT
INFO  [2022-06-28 13:08:41] update_input_parameter_file -- Surch:
 * ps_statement2search: Number of classes for calving performance (must be in the interval from 2 to 6)
 * Find statement on vector-line: 14
INFO  [2022-06-28 13:08:41] update_input_parameter_file -- Update the value:
 * ps_value2update: 4
 * of the statement ps_statement2search: Number of classes for calving performance (must be in the interval from 2 to 6)
 * on vector-line: 13

INFO  [2022-06-28 13:08:41] update_input_parameter_file -- Starting function with parameters:
 * ps_path2template_input_parameter_file: /home/jgearing/Ecoweight_package/qp4ewc/inst/extdata/ewdc/AN_HO_4_ConventionalBeef/INPUT11.TXT
 * ps_statement2search: For defining dystocia give the lowest number of the class of calving
performance which is considered to be dystocia
 * ps_value2update: 3
INFO  [2022-06-28 13:08:41] update_input_parameter_file -- File exists:
 * ps_path2template_input_parameter_file/home/jgearing/Ecoweight_package/qp4ewc/inst/extdata/ewdc/AN_HO_4_ConventionalBeef/INPUT11.TXT
INFO  [2022-06-28 13:08:41] update_input_parameter_file -- Surch:
 * ps_statement2search: For defining dystocia give the lowest number of the class of calving
performance which is considered to be dystocia
 * Find statement on vector-line: 
INFO  [2022-06-28 13:08:41] update_input_parameter_file -- Update the value:
 * ps_value2update: 3
 * of the statement ps_statement2search: For defining dystocia give the lowest number of the class of calving
performance which is considered to be dystocia
 * on vector-line: 

INFO  [2022-06-28 14:42:02] update_input_parameter_file -- Starting function with parameters:
 * ps_path2template_input_parameter_file: /home/jgearing/Ecoweight_package/qp4ewc/inst/extdata/ewdc/AN_HO_4_ConventionalBeef/INPUT07.TXT
 * ps_statement2search: Probability of calving score 2 when a cross-bred (beef x dairy) female calf is born in reproductive cycles 1 to LL
 * ps_value2update: 0.4013 0.2991 0.2991 0.2991 0.2991 0.2991 0.2991 0.2991 0.2991 0.2991
INFO  [2022-06-28 14:42:02] update_input_parameter_file -- File exists:
 * ps_path2template_input_parameter_file/home/jgearing/Ecoweight_package/qp4ewc/inst/extdata/ewdc/AN_HO_4_ConventionalBeef/INPUT07.TXT
INFO  [2022-06-28 14:42:02] update_input_parameter_file -- Surch:
 * ps_statement2search: Probability of calving score 2 when a cross-bred (beef x dairy) female calf is born in reproductive cycles 1 to LL
 * Find statement on vector-line: 100
INFO  [2022-06-28 14:42:02] update_input_parameter_file -- Update the value:
 * ps_value2update: 0.4013 0.2991 0.2991 0.2991 0.2991 0.2991 0.2991 0.2991 0.2991 0.2991
 * of the statement ps_statement2search: Probability of calving score 2 when a cross-bred (beef x dairy) female calf is born in reproductive cycles 1 to LL
 * on vector-line: 99

INFO  [2022-06-28 14:42:02] update_input_parameter_file -- Starting function with parameters:
 * ps_path2template_input_parameter_file: /home/jgearing/Ecoweight_package/qp4ewc/inst/extdata/ewdc/AN_HO_4_ConventionalBeef/INPUT07.TXT
 * ps_statement2search: Probability of calving score 3 when a cross-bred (beef x dairy) female calf is born in reproductive cycles 1 to LL
 * ps_value2update: 0.0502 0.0308 0.0308 0.0308 0.0308 0.0308 0.0308 0.0308 0.0308 0.0308
INFO  [2022-06-28 14:42:02] update_input_parameter_file -- File exists:
 * ps_path2template_input_parameter_file/home/jgearing/Ecoweight_package/qp4ewc/inst/extdata/ewdc/AN_HO_4_ConventionalBeef/INPUT07.TXT
INFO  [2022-06-28 14:42:02] update_input_parameter_file -- Surch:
 * ps_statement2search: Probability of calving score 3 when a cross-bred (beef x dairy) female calf is born in reproductive cycles 1 to LL
 * Find statement on vector-line: 106
INFO  [2022-06-28 14:42:02] update_input_parameter_file -- Update the value:
 * ps_value2update: 0.0502 0.0308 0.0308 0.0308 0.0308 0.0308 0.0308 0.0308 0.0308 0.0308
 * of the statement ps_statement2search: Probability of calving score 3 when a cross-bred (beef x dairy) female calf is born in reproductive cycles 1 to LL
 * on vector-line: 105

INFO  [2022-06-28 14:42:02] update_input_parameter_file -- Starting function with parameters:
 * ps_path2template_input_parameter_file: /home/jgearing/Ecoweight_package/qp4ewc/inst/extdata/ewdc/AN_HO_4_ConventionalBeef/INPUT07.TXT
 * ps_statement2search: Probability of calving score 4 when a cross-bred (beef x dairy) female calf is born in reproductive cycles 1 to LL
 * ps_value2update: 0.0011 4e-04 4e-04 4e-04 4e-04 4e-04 4e-04 4e-04 4e-04 4e-04
INFO  [2022-06-28 14:42:02] update_input_parameter_file -- File exists:
 * ps_path2template_input_parameter_file/home/jgearing/Ecoweight_package/qp4ewc/inst/extdata/ewdc/AN_HO_4_ConventionalBeef/INPUT07.TXT
INFO  [2022-06-28 14:42:02] update_input_parameter_file -- Surch:
 * ps_statement2search: Probability of calving score 4 when a cross-bred (beef x dairy) female calf is born in reproductive cycles 1 to LL
 * Find statement on vector-line: 112
INFO  [2022-06-28 14:42:02] update_input_parameter_file -- Update the value:
 * ps_value2update: 0.0011 4e-04 4e-04 4e-04 4e-04 4e-04 4e-04 4e-04 4e-04 4e-04
 * of the statement ps_statement2search: Probability of calving score 4 when a cross-bred (beef x dairy) female calf is born in reproductive cycles 1 to LL
 * on vector-line: 111

INFO  [2022-06-28 14:45:46] update_input_parameter_file -- Starting function with parameters:
 * ps_path2template_input_parameter_file: /home/jgearing/Ecoweight_package/qp4ewc/inst/extdata/ewdc/AN_HO_4_ConventionalBeef/INPUT07.TXT
 * ps_statement2search: Probability of calving score 2 when a cross-bred (beef x dairy) male calf is born in reproductive cycles 1 to LL
 * ps_value2update: 0.4436 0.3352 0.3352 0.3352 0.3352 0.3352 0.3352 0.3352 0.3352 0.3352
INFO  [2022-06-28 14:45:46] update_input_parameter_file -- File exists:
 * ps_path2template_input_parameter_file/home/jgearing/Ecoweight_package/qp4ewc/inst/extdata/ewdc/AN_HO_4_ConventionalBeef/INPUT07.TXT
INFO  [2022-06-28 14:45:46] update_input_parameter_file -- Surch:
 * ps_statement2search: Probability of calving score 2 when a cross-bred (beef x dairy) male calf is born in reproductive cycles 1 to LL
 * Find statement on vector-line: 103
INFO  [2022-06-28 14:45:46] update_input_parameter_file -- Update the value:
 * ps_value2update: 0.4436 0.3352 0.3352 0.3352 0.3352 0.3352 0.3352 0.3352 0.3352 0.3352
 * of the statement ps_statement2search: Probability of calving score 2 when a cross-bred (beef x dairy) male calf is born in reproductive cycles 1 to LL
 * on vector-line: 102

INFO  [2022-06-28 14:45:46] update_input_parameter_file -- Starting function with parameters:
 * ps_path2template_input_parameter_file: /home/jgearing/Ecoweight_package/qp4ewc/inst/extdata/ewdc/AN_HO_4_ConventionalBeef/INPUT07.TXT
 * ps_statement2search: Probability of calving score 3 when a cross-bred (beef x dairy) male calf is born in reproductive cycles 1 to LL
 * ps_value2update: 0.0931 0.0539 0.0539 0.0539 0.0539 0.0539 0.0539 0.0539 0.0539 0.0539
INFO  [2022-06-28 14:45:46] update_input_parameter_file -- File exists:
 * ps_path2template_input_parameter_file/home/jgearing/Ecoweight_package/qp4ewc/inst/extdata/ewdc/AN_HO_4_ConventionalBeef/INPUT07.TXT
INFO  [2022-06-28 14:45:46] update_input_parameter_file -- Surch:
 * ps_statement2search: Probability of calving score 3 when a cross-bred (beef x dairy) male calf is born in reproductive cycles 1 to LL
 * Find statement on vector-line: 109
INFO  [2022-06-28 14:45:46] update_input_parameter_file -- Update the value:
 * ps_value2update: 0.0931 0.0539 0.0539 0.0539 0.0539 0.0539 0.0539 0.0539 0.0539 0.0539
 * of the statement ps_statement2search: Probability of calving score 3 when a cross-bred (beef x dairy) male calf is born in reproductive cycles 1 to LL
 * on vector-line: 108

INFO  [2022-06-28 14:45:46] update_input_parameter_file -- Starting function with parameters:
 * ps_path2template_input_parameter_file: /home/jgearing/Ecoweight_package/qp4ewc/inst/extdata/ewdc/AN_HO_4_ConventionalBeef/INPUT07.TXT
 * ps_statement2search: Probability of calving score 4 when a cross-bred (beef x dairy) male calf is born in reproductive cycles 1 to LL
 * ps_value2update: 0.0039 0.0017 0.0017 0.0017 0.0017 0.0017 0.0017 0.0017 0.0017 0.0017
INFO  [2022-06-28 14:45:46] update_input_parameter_file -- File exists:
 * ps_path2template_input_parameter_file/home/jgearing/Ecoweight_package/qp4ewc/inst/extdata/ewdc/AN_HO_4_ConventionalBeef/INPUT07.TXT
INFO  [2022-06-28 14:45:46] update_input_parameter_file -- Surch:
 * ps_statement2search: Probability of calving score 4 when a cross-bred (beef x dairy) male calf is born in reproductive cycles 1 to LL
 * Find statement on vector-line: 115
INFO  [2022-06-28 14:45:46] update_input_parameter_file -- Update the value:
 * ps_value2update: 0.0039 0.0017 0.0017 0.0017 0.0017 0.0017 0.0017 0.0017 0.0017 0.0017
 * of the statement ps_statement2search: Probability of calving score 4 when a cross-bred (beef x dairy) male calf is born in reproductive cycles 1 to LL
 * on vector-line: 114

INFO  [2022-06-28 14:50:34] update_input_parameter_file -- Starting function with parameters:
 * ps_path2template_input_parameter_file: /home/jgearing/Ecoweight_package/qp4ewc/inst/extdata/ewdc/AN_HO_4_ConventionalBeef/INPUT07.TXT
 * ps_statement2search: Probability of calving score 2 when a pure-bred dairy female calf is born in reproductive cycles 1 to LL
 * ps_value2update: 0.4792 0.395 0.395 0.395 0.395 0.395 0.395 0.395 0.395 0.395
INFO  [2022-06-28 14:50:34] update_input_parameter_file -- File exists:
 * ps_path2template_input_parameter_file/home/jgearing/Ecoweight_package/qp4ewc/inst/extdata/ewdc/AN_HO_4_ConventionalBeef/INPUT07.TXT
INFO  [2022-06-28 14:50:34] update_input_parameter_file -- Surch:
 * ps_statement2search: Probability of calving score 2 when a pure-bred dairy female calf is born in reproductive cycles 1 to LL
 * Find statement on vector-line: 70
INFO  [2022-06-28 14:50:34] update_input_parameter_file -- Update the value:
 * ps_value2update: 0.4792 0.395 0.395 0.395 0.395 0.395 0.395 0.395 0.395 0.395
 * of the statement ps_statement2search: Probability of calving score 2 when a pure-bred dairy female calf is born in reproductive cycles 1 to LL
 * on vector-line: 69

INFO  [2022-06-28 14:50:34] update_input_parameter_file -- Starting function with parameters:
 * ps_path2template_input_parameter_file: /home/jgearing/Ecoweight_package/qp4ewc/inst/extdata/ewdc/AN_HO_4_ConventionalBeef/INPUT07.TXT
 * ps_statement2search: Probability of calving score 3 when a pure-bred dairy female calf is born in reproductive cycles 1 to LL
 * ps_value2update: 0.0462 0.0224 0.0224 0.0224 0.0224 0.0224 0.0224 0.0224 0.0224 0.0224
INFO  [2022-06-28 14:50:34] update_input_parameter_file -- File exists:
 * ps_path2template_input_parameter_file/home/jgearing/Ecoweight_package/qp4ewc/inst/extdata/ewdc/AN_HO_4_ConventionalBeef/INPUT07.TXT
INFO  [2022-06-28 14:50:34] update_input_parameter_file -- Surch:
 * ps_statement2search: Probability of calving score 3 when a pure-bred dairy female calf is born in reproductive cycles 1 to LL
 * Find statement on vector-line: 76
INFO  [2022-06-28 14:50:34] update_input_parameter_file -- Update the value:
 * ps_value2update: 0.0462 0.0224 0.0224 0.0224 0.0224 0.0224 0.0224 0.0224 0.0224 0.0224
 * of the statement ps_statement2search: Probability of calving score 3 when a pure-bred dairy female calf is born in reproductive cycles 1 to LL
 * on vector-line: 75

INFO  [2022-06-28 14:50:34] update_input_parameter_file -- Starting function with parameters:
 * ps_path2template_input_parameter_file: /home/jgearing/Ecoweight_package/qp4ewc/inst/extdata/ewdc/AN_HO_4_ConventionalBeef/INPUT07.TXT
 * ps_statement2search: Probability of calving score 4 when a pure-bred dairy female calf is born in reproductive cycles 1 to LL
 * ps_value2update: 9e-04 0.001 0.001 0.001 0.001 0.001 0.001 0.001 0.001 0.001
INFO  [2022-06-28 14:50:34] update_input_parameter_file -- File exists:
 * ps_path2template_input_parameter_file/home/jgearing/Ecoweight_package/qp4ewc/inst/extdata/ewdc/AN_HO_4_ConventionalBeef/INPUT07.TXT
INFO  [2022-06-28 14:50:34] update_input_parameter_file -- Surch:
 * ps_statement2search: Probability of calving score 4 when a pure-bred dairy female calf is born in reproductive cycles 1 to LL
 * Find statement on vector-line: 82
INFO  [2022-06-28 14:50:34] update_input_parameter_file -- Update the value:
 * ps_value2update: 9e-04 0.001 0.001 0.001 0.001 0.001 0.001 0.001 0.001 0.001
 * of the statement ps_statement2search: Probability of calving score 4 when a pure-bred dairy female calf is born in reproductive cycles 1 to LL
 * on vector-line: 81

INFO  [2022-06-28 14:50:34] update_input_parameter_file -- Starting function with parameters:
 * ps_path2template_input_parameter_file: /home/jgearing/Ecoweight_package/qp4ewc/inst/extdata/ewdc/AN_HO_4_ConventionalBeef/INPUT07.TXT
 * ps_statement2search: Probability of calving score 2 when a pure-bred dairy male calf is born in reproductive cycles 1 to LL
 * ps_value2update: 0.5153 0.443 0.443 0.443 0.443 0.443 0.443 0.443 0.443 0.443
INFO  [2022-06-28 14:50:34] update_input_parameter_file -- File exists:
 * ps_path2template_input_parameter_file/home/jgearing/Ecoweight_package/qp4ewc/inst/extdata/ewdc/AN_HO_4_ConventionalBeef/INPUT07.TXT
INFO  [2022-06-28 14:50:34] update_input_parameter_file -- Surch:
 * ps_statement2search: Probability of calving score 2 when a pure-bred dairy male calf is born in reproductive cycles 1 to LL
 * Find statement on vector-line: 73
INFO  [2022-06-28 14:50:34] update_input_parameter_file -- Update the value:
 * ps_value2update: 0.5153 0.443 0.443 0.443 0.443 0.443 0.443 0.443 0.443 0.443
 * of the statement ps_statement2search: Probability of calving score 2 when a pure-bred dairy male calf is born in reproductive cycles 1 to LL
 * on vector-line: 72

INFO  [2022-06-28 14:50:34] update_input_parameter_file -- Starting function with parameters:
 * ps_path2template_input_parameter_file: /home/jgearing/Ecoweight_package/qp4ewc/inst/extdata/ewdc/AN_HO_4_ConventionalBeef/INPUT07.TXT
 * ps_statement2search: Probability of calving score 3 when a pure-bred dairy male calf is born in reproductive cycles 1 to LL
 * ps_value2update: 0.0907 0.0421 0.0421 0.0421 0.0421 0.0421 0.0421 0.0421 0.0421 0.0421
INFO  [2022-06-28 14:50:34] update_input_parameter_file -- File exists:
 * ps_path2template_input_parameter_file/home/jgearing/Ecoweight_package/qp4ewc/inst/extdata/ewdc/AN_HO_4_ConventionalBeef/INPUT07.TXT
INFO  [2022-06-28 14:50:34] update_input_parameter_file -- Surch:
 * ps_statement2search: Probability of calving score 3 when a pure-bred dairy male calf is born in reproductive cycles 1 to LL
 * Find statement on vector-line: 79
INFO  [2022-06-28 14:50:34] update_input_parameter_file -- Update the value:
 * ps_value2update: 0.0907 0.0421 0.0421 0.0421 0.0421 0.0421 0.0421 0.0421 0.0421 0.0421
 * of the statement ps_statement2search: Probability of calving score 3 when a pure-bred dairy male calf is born in reproductive cycles 1 to LL
 * on vector-line: 78

INFO  [2022-06-28 14:50:34] update_input_parameter_file -- Starting function with parameters:
 * ps_path2template_input_parameter_file: /home/jgearing/Ecoweight_package/qp4ewc/inst/extdata/ewdc/AN_HO_4_ConventionalBeef/INPUT07.TXT
 * ps_statement2search: Probability of calving score 4 when a pure-bred dairy male calf is born in reproductive cycles 1 to LL
 * ps_value2update: 0.0024 0.0012 0.0012 0.0012 0.0012 0.0012 0.0012 0.0012 0.0012 0.0012
INFO  [2022-06-28 14:50:34] update_input_parameter_file -- File exists:
 * ps_path2template_input_parameter_file/home/jgearing/Ecoweight_package/qp4ewc/inst/extdata/ewdc/AN_HO_4_ConventionalBeef/INPUT07.TXT
INFO  [2022-06-28 14:50:34] update_input_parameter_file -- Surch:
 * ps_statement2search: Probability of calving score 4 when a pure-bred dairy male calf is born in reproductive cycles 1 to LL
 * Find statement on vector-line: 85
INFO  [2022-06-28 14:50:35] update_input_parameter_file -- Update the value:
 * ps_value2update: 0.0024 0.0012 0.0012 0.0012 0.0012 0.0012 0.0012 0.0012 0.0012 0.0012
 * of the statement ps_statement2search: Probability of calving score 4 when a pure-bred dairy male calf is born in reproductive cycles 1 to LL
 * on vector-line: 84

INFO  [2022-06-28 14:53:00] update_input_parameter_file -- Starting function with parameters:
 * ps_path2template_input_parameter_file: /home/jgearing/Ecoweight_package/qp4ewc/inst/extdata/ewdc/AN_HO_4_ConventionalBeef/INPUT07.TXT
 * ps_statement2search: Vector of calves died to 48 hours from calves born alive after easy calving in reproductive cycles 1 to LL
 * ps_value2update: 0.0412 0.0203 0.0203 0.0203 0.0203 0.0203 0.0203 0.0203 0.0203 0.0203
INFO  [2022-06-28 14:53:00] update_input_parameter_file -- File exists:
 * ps_path2template_input_parameter_file/home/jgearing/Ecoweight_package/qp4ewc/inst/extdata/ewdc/AN_HO_4_ConventionalBeef/INPUT07.TXT
INFO  [2022-06-28 14:53:00] update_input_parameter_file -- Surch:
 * ps_statement2search: Vector of calves died to 48 hours from calves born alive after easy calving in reproductive cycles 1 to LL
 * Find statement on vector-line: 58
INFO  [2022-06-28 14:53:00] update_input_parameter_file -- Update the value:
 * ps_value2update: 0.0412 0.0203 0.0203 0.0203 0.0203 0.0203 0.0203 0.0203 0.0203 0.0203
 * of the statement ps_statement2search: Vector of calves died to 48 hours from calves born alive after easy calving in reproductive cycles 1 to LL
 * on vector-line: 57

INFO  [2022-06-28 14:53:23] update_input_parameter_file -- Starting function with parameters:
 * ps_path2template_input_parameter_file: /home/jgearing/Ecoweight_package/qp4ewc/inst/extdata/ewdc/AN_HO_4_ConventionalBeef/INPUT07.TXT
 * ps_statement2search: Vector of calves died to 48 hours from calves born alive after dystocia in reproductive cycles 1 to LL
 * ps_value2update: 0.3081 0.2276 0.2276 0.2276 0.2276 0.2276 0.2276 0.2276 0.2276 0.2276
INFO  [2022-06-28 14:53:23] update_input_parameter_file -- File exists:
 * ps_path2template_input_parameter_file/home/jgearing/Ecoweight_package/qp4ewc/inst/extdata/ewdc/AN_HO_4_ConventionalBeef/INPUT07.TXT
INFO  [2022-06-28 14:53:23] update_input_parameter_file -- Surch:
 * ps_statement2search: Vector of calves died to 48 hours from calves born alive after dystocia in reproductive cycles 1 to LL
 * Find statement on vector-line: 55
INFO  [2022-06-28 14:53:23] update_input_parameter_file -- Update the value:
 * ps_value2update: 0.3081 0.2276 0.2276 0.2276 0.2276 0.2276 0.2276 0.2276 0.2276 0.2276
 * of the statement ps_statement2search: Vector of calves died to 48 hours from calves born alive after dystocia in reproductive cycles 1 to LL
 * on vector-line: 54

INFO  [2022-06-28 14:54:49] update_input_parameter_file -- Starting function with parameters:
 * ps_path2template_input_parameter_file: /home/jgearing/Ecoweight_package/qp4ewc/inst/extdata/ewdc/AN_HO_4_ConventionalBeef/INPUT07.TXT
 * ps_statement2search: Vector of probabilities of abortion for cows conceived in reproductive cycles 1 to LL
 * ps_value2update: 0.0044 0.0018 0.0018 0.0018 0.0018 0.0018 0.0018 0.0018 0.0018 0.0018
INFO  [2022-06-28 14:54:49] update_input_parameter_file -- File exists:
 * ps_path2template_input_parameter_file/home/jgearing/Ecoweight_package/qp4ewc/inst/extdata/ewdc/AN_HO_4_ConventionalBeef/INPUT07.TXT
INFO  [2022-06-28 14:54:49] update_input_parameter_file -- Surch:
 * ps_statement2search: Vector of probabilities of abortion for cows conceived in reproductive cycles 1 to LL
 * Find statement on vector-line: 46
INFO  [2022-06-28 14:54:49] update_input_parameter_file -- Update the value:
 * ps_value2update: 0.0044 0.0018 0.0018 0.0018 0.0018 0.0018 0.0018 0.0018 0.0018 0.0018
 * of the statement ps_statement2search: Vector of probabilities of abortion for cows conceived in reproductive cycles 1 to LL
 * on vector-line: 45

INFO  [2022-06-28 14:55:00] update_input_parameter_file -- Starting function with parameters:
 * ps_path2template_input_parameter_file: /home/jgearing/Ecoweight_package/qp4ewc/inst/extdata/ewdc/AN_HO_4_ConventionalBeef/INPUT07.TXT
 * ps_statement2search: Vector of still born calves after easy calving as proportion of cows having easy calving in reproductive cycles 1 to LL
 * ps_value2update: 0.001 8e-04 8e-04 8e-04 8e-04 8e-04 8e-04 8e-04 8e-04 8e-04
INFO  [2022-06-28 14:55:00] update_input_parameter_file -- File exists:
 * ps_path2template_input_parameter_file/home/jgearing/Ecoweight_package/qp4ewc/inst/extdata/ewdc/AN_HO_4_ConventionalBeef/INPUT07.TXT
INFO  [2022-06-28 14:55:00] update_input_parameter_file -- Surch:
 * ps_statement2search: Vector of still born calves after easy calving as proportion of cows having easy calving in reproductive cycles 1 to LL
 * Find statement on vector-line: 52
INFO  [2022-06-28 14:55:00] update_input_parameter_file -- Update the value:
 * ps_value2update: 0.001 8e-04 8e-04 8e-04 8e-04 8e-04 8e-04 8e-04 8e-04 8e-04
 * of the statement ps_statement2search: Vector of still born calves after easy calving as proportion of cows having easy calving in reproductive cycles 1 to LL
 * on vector-line: 51

INFO  [2022-06-28 14:55:00] update_input_parameter_file -- Starting function with parameters:
 * ps_path2template_input_parameter_file: /home/jgearing/Ecoweight_package/qp4ewc/inst/extdata/ewdc/AN_HO_4_ConventionalBeef/INPUT07.TXT
 * ps_statement2search: Vector of still born calves after dystocia as proportion of cows having dystocia in reproductive cycles 1 to LL
 * ps_value2update: 0.0136 0.0104 0.0104 0.0104 0.0104 0.0104 0.0104 0.0104 0.0104 0.0104
INFO  [2022-06-28 14:55:00] update_input_parameter_file -- File exists:
 * ps_path2template_input_parameter_file/home/jgearing/Ecoweight_package/qp4ewc/inst/extdata/ewdc/AN_HO_4_ConventionalBeef/INPUT07.TXT
INFO  [2022-06-28 14:55:00] update_input_parameter_file -- Surch:
 * ps_statement2search: Vector of still born calves after dystocia as proportion of cows having dystocia in reproductive cycles 1 to LL
 * Find statement on vector-line: 49
INFO  [2022-06-28 14:55:00] update_input_parameter_file -- Update the value:
 * ps_value2update: 0.0136 0.0104 0.0104 0.0104 0.0104 0.0104 0.0104 0.0104 0.0104 0.0104
 * of the statement ps_statement2search: Vector of still born calves after dystocia as proportion of cows having dystocia in reproductive cycles 1 to LL
 * on vector-line: 48

INFO  [2022-06-28 14:55:00] update_input_parameter_file -- Starting function with parameters:
 * ps_path2template_input_parameter_file: /home/jgearing/Ecoweight_package/qp4ewc/inst/extdata/ewdc/AN_HO_4_ConventionalBeef/INPUT11.TXT
 * ps_statement2search: Number of classes for calving performance (must be in the interval from 2 to 6)
 * ps_value2update: 4
INFO  [2022-06-28 14:55:00] update_input_parameter_file -- File exists:
 * ps_path2template_input_parameter_file/home/jgearing/Ecoweight_package/qp4ewc/inst/extdata/ewdc/AN_HO_4_ConventionalBeef/INPUT11.TXT
INFO  [2022-06-28 14:55:00] update_input_parameter_file -- Surch:
 * ps_statement2search: Number of classes for calving performance (must be in the interval from 2 to 6)
 * Find statement on vector-line: 14
INFO  [2022-06-28 14:55:00] update_input_parameter_file -- Update the value:
 * ps_value2update: 4
 * of the statement ps_statement2search: Number of classes for calving performance (must be in the interval from 2 to 6)
 * on vector-line: 13

INFO  [2022-06-28 14:55:00] update_input_parameter_file -- Starting function with parameters:
 * ps_path2template_input_parameter_file: /home/jgearing/Ecoweight_package/qp4ewc/inst/extdata/ewdc/AN_HO_4_ConventionalBeef/INPUT11.TXT
 * ps_statement2search: For defining dystocia give the lowest number of the class of calving
performance which is considered to be dystocia
 * ps_value2update: 3
INFO  [2022-06-28 14:55:00] update_input_parameter_file -- File exists:
 * ps_path2template_input_parameter_file/home/jgearing/Ecoweight_package/qp4ewc/inst/extdata/ewdc/AN_HO_4_ConventionalBeef/INPUT11.TXT
INFO  [2022-06-28 14:55:00] update_input_parameter_file -- Surch:
 * ps_statement2search: For defining dystocia give the lowest number of the class of calving
performance which is considered to be dystocia
 * Find statement on vector-line: 
INFO  [2022-06-28 14:55:00] update_input_parameter_file -- Update the value:
 * ps_value2update: 3
 * of the statement ps_statement2search: For defining dystocia give the lowest number of the class of calving
performance which is considered to be dystocia
 * on vector-line: 

INFO  [2022-06-28 14:55:09] update_input_parameter_file -- Starting function with parameters:
 * ps_path2template_input_parameter_file: /home/jgearing/Ecoweight_package/qp4ewc/inst/extdata/ewdc/AN_HO_4_ConventionalBeef/INPUT07.TXT
 * ps_statement2search: Probability of calving score 2 when a cross-bred (beef x dairy) female calf is born in reproductive cycles 1 to LL
 * ps_value2update: 0.4013 0.2991 0.2991 0.2991 0.2991 0.2991 0.2991 0.2991 0.2991 0.2991
INFO  [2022-06-28 14:55:09] update_input_parameter_file -- File exists:
 * ps_path2template_input_parameter_file/home/jgearing/Ecoweight_package/qp4ewc/inst/extdata/ewdc/AN_HO_4_ConventionalBeef/INPUT07.TXT
INFO  [2022-06-28 14:55:09] update_input_parameter_file -- Surch:
 * ps_statement2search: Probability of calving score 2 when a cross-bred (beef x dairy) female calf is born in reproductive cycles 1 to LL
 * Find statement on vector-line: 100
INFO  [2022-06-28 14:55:09] update_input_parameter_file -- Update the value:
 * ps_value2update: 0.4013 0.2991 0.2991 0.2991 0.2991 0.2991 0.2991 0.2991 0.2991 0.2991
 * of the statement ps_statement2search: Probability of calving score 2 when a cross-bred (beef x dairy) female calf is born in reproductive cycles 1 to LL
 * on vector-line: 99

INFO  [2022-06-28 14:55:09] update_input_parameter_file -- Starting function with parameters:
 * ps_path2template_input_parameter_file: /home/jgearing/Ecoweight_package/qp4ewc/inst/extdata/ewdc/AN_HO_4_ConventionalBeef/INPUT07.TXT
 * ps_statement2search: Probability of calving score 3 when a cross-bred (beef x dairy) female calf is born in reproductive cycles 1 to LL
 * ps_value2update: 0.0502 0.0308 0.0308 0.0308 0.0308 0.0308 0.0308 0.0308 0.0308 0.0308
INFO  [2022-06-28 14:55:09] update_input_parameter_file -- File exists:
 * ps_path2template_input_parameter_file/home/jgearing/Ecoweight_package/qp4ewc/inst/extdata/ewdc/AN_HO_4_ConventionalBeef/INPUT07.TXT
INFO  [2022-06-28 14:55:09] update_input_parameter_file -- Surch:
 * ps_statement2search: Probability of calving score 3 when a cross-bred (beef x dairy) female calf is born in reproductive cycles 1 to LL
 * Find statement on vector-line: 106
INFO  [2022-06-28 14:56:55] update_input_parameter_file -- Starting function with parameters:
 * ps_path2template_input_parameter_file: /home/jgearing/Ecoweight_package/qp4ewc/inst/extdata/ewdc/AN_HO_4_ConventionalBeef/INPUT07.TXT
 * ps_statement2search: Vector of probabilities of abortion for cows conceived in reproductive cycles 1 to LL
 * ps_value2update: 0.0044 0.0018 0.0018 0.0018 0.0018 0.0018 0.0018 0.0018 0.0018 0.0018
INFO  [2022-06-28 14:56:55] update_input_parameter_file -- File exists:
 * ps_path2template_input_parameter_file/home/jgearing/Ecoweight_package/qp4ewc/inst/extdata/ewdc/AN_HO_4_ConventionalBeef/INPUT07.TXT
INFO  [2022-06-28 14:56:55] update_input_parameter_file -- Surch:
 * ps_statement2search: Vector of probabilities of abortion for cows conceived in reproductive cycles 1 to LL
 * Find statement on vector-line: 46
INFO  [2022-06-28 14:56:55] update_input_parameter_file -- Update the value:
 * ps_value2update: 0.0044 0.0018 0.0018 0.0018 0.0018 0.0018 0.0018 0.0018 0.0018 0.0018
 * of the statement ps_statement2search: Vector of probabilities of abortion for cows conceived in reproductive cycles 1 to LL
 * on vector-line: 45

INFO  [2022-06-28 14:57:06] update_input_parameter_file -- Starting function with parameters:
 * ps_path2template_input_parameter_file: /home/jgearing/Ecoweight_package/qp4ewc/inst/extdata/ewdc/AN_HO_4_ConventionalBeef/INPUT07.TXT
 * ps_statement2search: Vector of still born calves after easy calving as proportion of cows having easy calving in reproductive cycles 1 to LL
 * ps_value2update: 0.001 8e-04 8e-04 8e-04 8e-04 8e-04 8e-04 8e-04 8e-04 8e-04
INFO  [2022-06-28 14:57:06] update_input_parameter_file -- File exists:
 * ps_path2template_input_parameter_file/home/jgearing/Ecoweight_package/qp4ewc/inst/extdata/ewdc/AN_HO_4_ConventionalBeef/INPUT07.TXT
INFO  [2022-06-28 14:57:06] update_input_parameter_file -- Surch:
 * ps_statement2search: Vector of still born calves after easy calving as proportion of cows having easy calving in reproductive cycles 1 to LL
 * Find statement on vector-line: 52
INFO  [2022-06-28 14:57:06] update_input_parameter_file -- Update the value:
 * ps_value2update: 0.001 8e-04 8e-04 8e-04 8e-04 8e-04 8e-04 8e-04 8e-04 8e-04
 * of the statement ps_statement2search: Vector of still born calves after easy calving as proportion of cows having easy calving in reproductive cycles 1 to LL
 * on vector-line: 51

INFO  [2022-06-28 14:57:06] update_input_parameter_file -- Starting function with parameters:
 * ps_path2template_input_parameter_file: /home/jgearing/Ecoweight_package/qp4ewc/inst/extdata/ewdc/AN_HO_4_ConventionalBeef/INPUT07.TXT
 * ps_statement2search: Vector of still born calves after dystocia as proportion of cows having dystocia in reproductive cycles 1 to LL
 * ps_value2update: 0.0136 0.0104 0.0104 0.0104 0.0104 0.0104 0.0104 0.0104 0.0104 0.0104
INFO  [2022-06-28 14:57:06] update_input_parameter_file -- File exists:
 * ps_path2template_input_parameter_file/home/jgearing/Ecoweight_package/qp4ewc/inst/extdata/ewdc/AN_HO_4_ConventionalBeef/INPUT07.TXT
INFO  [2022-06-28 14:57:06] update_input_parameter_file -- Surch:
 * ps_statement2search: Vector of still born calves after dystocia as proportion of cows having dystocia in reproductive cycles 1 to LL
 * Find statement on vector-line: 49
INFO  [2022-06-28 14:57:06] update_input_parameter_file -- Update the value:
 * ps_value2update: 0.0136 0.0104 0.0104 0.0104 0.0104 0.0104 0.0104 0.0104 0.0104 0.0104
 * of the statement ps_statement2search: Vector of still born calves after dystocia as proportion of cows having dystocia in reproductive cycles 1 to LL
 * on vector-line: 48

INFO  [2022-06-28 14:57:06] update_input_parameter_file -- Starting function with parameters:
 * ps_path2template_input_parameter_file: /home/jgearing/Ecoweight_package/qp4ewc/inst/extdata/ewdc/AN_HO_4_ConventionalBeef/INPUT11.TXT
 * ps_statement2search: Number of classes for calving performance (must be in the interval from 2 to 6)
 * ps_value2update: 4
INFO  [2022-06-28 14:57:06] update_input_parameter_file -- File exists:
 * ps_path2template_input_parameter_file/home/jgearing/Ecoweight_package/qp4ewc/inst/extdata/ewdc/AN_HO_4_ConventionalBeef/INPUT11.TXT
INFO  [2022-06-28 14:57:06] update_input_parameter_file -- Surch:
 * ps_statement2search: Number of classes for calving performance (must be in the interval from 2 to 6)
 * Find statement on vector-line: 14
INFO  [2022-06-28 14:57:06] update_input_parameter_file -- Update the value:
 * ps_value2update: 4
 * of the statement ps_statement2search: Number of classes for calving performance (must be in the interval from 2 to 6)
 * on vector-line: 13

INFO  [2022-06-28 14:57:06] update_input_parameter_file -- Starting function with parameters:
 * ps_path2template_input_parameter_file: /home/jgearing/Ecoweight_package/qp4ewc/inst/extdata/ewdc/AN_HO_4_ConventionalBeef/INPUT11.TXT
 * ps_statement2search: For defining dystocia give the lowest number of the class of calving
performance which is considered to be dystocia
 * ps_value2update: 3
INFO  [2022-06-28 14:57:06] update_input_parameter_file -- File exists:
 * ps_path2template_input_parameter_file/home/jgearing/Ecoweight_package/qp4ewc/inst/extdata/ewdc/AN_HO_4_ConventionalBeef/INPUT11.TXT
INFO  [2022-06-28 14:57:06] update_input_parameter_file -- Surch:
 * ps_statement2search: For defining dystocia give the lowest number of the class of calving
performance which is considered to be dystocia
 * Find statement on vector-line: 
INFO  [2022-06-28 14:57:06] update_input_parameter_file -- Update the value:
 * ps_value2update: 3
 * of the statement ps_statement2search: For defining dystocia give the lowest number of the class of calving
performance which is considered to be dystocia
 * on vector-line: 

INFO  [2022-06-28 14:57:14] update_input_parameter_file -- Starting function with parameters:
 * ps_path2template_input_parameter_file: /home/jgearing/Ecoweight_package/qp4ewc/inst/extdata/ewdc/AN_HO_4_ConventionalBeef/INPUT07.TXT
 * ps_statement2search: Probability of calving score 2 when a cross-bred (beef x dairy) female calf is born in reproductive cycles 1 to LL
 * ps_value2update: 0.4013 0.2991 0.2991 0.2991 0.2991 0.2991 0.2991 0.2991 0.2991 0.2991
INFO  [2022-06-28 14:57:14] update_input_parameter_file -- File exists:
 * ps_path2template_input_parameter_file/home/jgearing/Ecoweight_package/qp4ewc/inst/extdata/ewdc/AN_HO_4_ConventionalBeef/INPUT07.TXT
INFO  [2022-06-28 14:57:14] update_input_parameter_file -- Surch:
 * ps_statement2search: Probability of calving score 2 when a cross-bred (beef x dairy) female calf is born in reproductive cycles 1 to LL
 * Find statement on vector-line: 100
INFO  [2022-06-28 14:57:14] update_input_parameter_file -- Update the value:
 * ps_value2update: 0.4013 0.2991 0.2991 0.2991 0.2991 0.2991 0.2991 0.2991 0.2991 0.2991
 * of the statement ps_statement2search: Probability of calving score 2 when a cross-bred (beef x dairy) female calf is born in reproductive cycles 1 to LL
 * on vector-line: 99

INFO  [2022-06-28 14:57:14] update_input_parameter_file -- Starting function with parameters:
 * ps_path2template_input_parameter_file: /home/jgearing/Ecoweight_package/qp4ewc/inst/extdata/ewdc/AN_HO_4_ConventionalBeef/INPUT07.TXT
 * ps_statement2search: Probability of calving score 3 when a cross-bred (beef x dairy) female calf is born in reproductive cycles 1 to LL
 * ps_value2update: 0.0502 0.0308 0.0308 0.0308 0.0308 0.0308 0.0308 0.0308 0.0308 0.0308
INFO  [2022-06-28 14:57:14] update_input_parameter_file -- File exists:
 * ps_path2template_input_parameter_file/home/jgearing/Ecoweight_package/qp4ewc/inst/extdata/ewdc/AN_HO_4_ConventionalBeef/INPUT07.TXT
INFO  [2022-06-28 14:57:14] update_input_parameter_file -- Surch:
 * ps_statement2search: Probability of calving score 3 when a cross-bred (beef x dairy) female calf is born in reproductive cycles 1 to LL
 * Find statement on vector-line: 106
INFO  [2022-06-28 14:57:14] update_input_parameter_file -- Update the value:
 * ps_value2update: 0.0502 0.0308 0.0308 0.0308 0.0308 0.0308 0.0308 0.0308 0.0308 0.0308
 * of the statement ps_statement2search: Probability of calving score 3 when a cross-bred (beef x dairy) female calf is born in reproductive cycles 1 to LL
 * on vector-line: 105

INFO  [2022-06-28 14:57:14] update_input_parameter_file -- Starting function with parameters:
 * ps_path2template_input_parameter_file: /home/jgearing/Ecoweight_package/qp4ewc/inst/extdata/ewdc/AN_HO_4_ConventionalBeef/INPUT07.TXT
 * ps_statement2search: Probability of calving score 4 when a cross-bred (beef x dairy) female calf is born in reproductive cycles 1 to LL
 * ps_value2update: 0.0011 4e-04 4e-04 4e-04 4e-04 4e-04 4e-04 4e-04 4e-04 4e-04
INFO  [2022-06-28 14:57:14] update_input_parameter_file -- File exists:
 * ps_path2template_input_parameter_file/home/jgearing/Ecoweight_package/qp4ewc/inst/extdata/ewdc/AN_HO_4_ConventionalBeef/INPUT07.TXT
INFO  [2022-06-28 14:57:14] update_input_parameter_file -- Surch:
 * ps_statement2search: Probability of calving score 4 when a cross-bred (beef x dairy) female calf is born in reproductive cycles 1 to LL
 * Find statement on vector-line: 112
INFO  [2022-06-28 14:57:14] update_input_parameter_file -- Update the value:
 * ps_value2update: 0.0011 4e-04 4e-04 4e-04 4e-04 4e-04 4e-04 4e-04 4e-04 4e-04
 * of the statement ps_statement2search: Probability of calving score 4 when a cross-bred (beef x dairy) female calf is born in reproductive cycles 1 to LL
 * on vector-line: 111

INFO  [2022-06-28 14:57:22] update_input_parameter_file -- Starting function with parameters:
 * ps_path2template_input_parameter_file: /home/jgearing/Ecoweight_package/qp4ewc/inst/extdata/ewdc/AN_HO_4_ConventionalBeef/INPUT07.TXT
 * ps_statement2search: Probability of calving score 2 when a cross-bred (beef x dairy) male calf is born in reproductive cycles 1 to LL
 * ps_value2update: 0.4436 0.3352 0.3352 0.3352 0.3352 0.3352 0.3352 0.3352 0.3352 0.3352
INFO  [2022-06-28 14:57:22] update_input_parameter_file -- File exists:
 * ps_path2template_input_parameter_file/home/jgearing/Ecoweight_package/qp4ewc/inst/extdata/ewdc/AN_HO_4_ConventionalBeef/INPUT07.TXT
INFO  [2022-06-28 14:57:22] update_input_parameter_file -- Surch:
 * ps_statement2search: Probability of calving score 2 when a cross-bred (beef x dairy) male calf is born in reproductive cycles 1 to LL
 * Find statement on vector-line: 103
INFO  [2022-06-28 14:57:22] update_input_parameter_file -- Update the value:
 * ps_value2update: 0.4436 0.3352 0.3352 0.3352 0.3352 0.3352 0.3352 0.3352 0.3352 0.3352
 * of the statement ps_statement2search: Probability of calving score 2 when a cross-bred (beef x dairy) male calf is born in reproductive cycles 1 to LL
 * on vector-line: 102

INFO  [2022-06-28 14:57:22] update_input_parameter_file -- Starting function with parameters:
 * ps_path2template_input_parameter_file: /home/jgearing/Ecoweight_package/qp4ewc/inst/extdata/ewdc/AN_HO_4_ConventionalBeef/INPUT07.TXT
 * ps_statement2search: Probability of calving score 3 when a cross-bred (beef x dairy) male calf is born in reproductive cycles 1 to LL
 * ps_value2update: 0.0931 0.0539 0.0539 0.0539 0.0539 0.0539 0.0539 0.0539 0.0539 0.0539
INFO  [2022-06-28 14:57:22] update_input_parameter_file -- File exists:
 * ps_path2template_input_parameter_file/home/jgearing/Ecoweight_package/qp4ewc/inst/extdata/ewdc/AN_HO_4_ConventionalBeef/INPUT07.TXT
INFO  [2022-06-28 14:57:22] update_input_parameter_file -- Surch:
 * ps_statement2search: Probability of calving score 3 when a cross-bred (beef x dairy) male calf is born in reproductive cycles 1 to LL
 * Find statement on vector-line: 109
INFO  [2022-06-28 14:57:22] update_input_parameter_file -- Update the value:
 * ps_value2update: 0.0931 0.0539 0.0539 0.0539 0.0539 0.0539 0.0539 0.0539 0.0539 0.0539
 * of the statement ps_statement2search: Probability of calving score 3 when a cross-bred (beef x dairy) male calf is born in reproductive cycles 1 to LL
 * on vector-line: 108

INFO  [2022-06-28 14:57:22] update_input_parameter_file -- Starting function with parameters:
 * ps_path2template_input_parameter_file: /home/jgearing/Ecoweight_package/qp4ewc/inst/extdata/ewdc/AN_HO_4_ConventionalBeef/INPUT07.TXT
 * ps_statement2search: Probability of calving score 4 when a cross-bred (beef x dairy) male calf is born in reproductive cycles 1 to LL
 * ps_value2update: 0.0039 0.0017 0.0017 0.0017 0.0017 0.0017 0.0017 0.0017 0.0017 0.0017
INFO  [2022-06-28 14:57:22] update_input_parameter_file -- File exists:
 * ps_path2template_input_parameter_file/home/jgearing/Ecoweight_package/qp4ewc/inst/extdata/ewdc/AN_HO_4_ConventionalBeef/INPUT07.TXT
INFO  [2022-06-28 14:57:22] update_input_parameter_file -- Surch:
 * ps_statement2search: Probability of calving score 4 when a cross-bred (beef x dairy) male calf is born in reproductive cycles 1 to LL
 * Find statement on vector-line: 115
INFO  [2022-06-28 14:57:22] update_input_parameter_file -- Update the value:
 * ps_value2update: 0.0039 0.0017 0.0017 0.0017 0.0017 0.0017 0.0017 0.0017 0.0017 0.0017
 * of the statement ps_statement2search: Probability of calving score 4 when a cross-bred (beef x dairy) male calf is born in reproductive cycles 1 to LL
 * on vector-line: 114

INFO  [2022-06-28 14:57:43] update_input_parameter_file -- Starting function with parameters:
 * ps_path2template_input_parameter_file: /home/jgearing/Ecoweight_package/qp4ewc/inst/extdata/ewdc/AN_HO_4_ConventionalBeef/INPUT07.TXT
 * ps_statement2search: Probability of calving score 2 when a pure-bred dairy female calf is born in reproductive cycles 1 to LL
 * ps_value2update: 0.4792 0.395 0.395 0.395 0.395 0.395 0.395 0.395 0.395 0.395
INFO  [2022-06-28 14:57:43] update_input_parameter_file -- File exists:
 * ps_path2template_input_parameter_file/home/jgearing/Ecoweight_package/qp4ewc/inst/extdata/ewdc/AN_HO_4_ConventionalBeef/INPUT07.TXT
INFO  [2022-06-28 14:57:43] update_input_parameter_file -- Surch:
 * ps_statement2search: Probability of calving score 2 when a pure-bred dairy female calf is born in reproductive cycles 1 to LL
 * Find statement on vector-line: 70
INFO  [2022-06-28 14:57:44] update_input_parameter_file -- Update the value:
 * ps_value2update: 0.4792 0.395 0.395 0.395 0.395 0.395 0.395 0.395 0.395 0.395
 * of the statement ps_statement2search: Probability of calving score 2 when a pure-bred dairy female calf is born in reproductive cycles 1 to LL
 * on vector-line: 69

INFO  [2022-06-28 14:57:44] update_input_parameter_file -- Starting function with parameters:
 * ps_path2template_input_parameter_file: /home/jgearing/Ecoweight_package/qp4ewc/inst/extdata/ewdc/AN_HO_4_ConventionalBeef/INPUT07.TXT
 * ps_statement2search: Probability of calving score 3 when a pure-bred dairy female calf is born in reproductive cycles 1 to LL
 * ps_value2update: 0.0462 0.0224 0.0224 0.0224 0.0224 0.0224 0.0224 0.0224 0.0224 0.0224
INFO  [2022-06-28 14:57:44] update_input_parameter_file -- File exists:
 * ps_path2template_input_parameter_file/home/jgearing/Ecoweight_package/qp4ewc/inst/extdata/ewdc/AN_HO_4_ConventionalBeef/INPUT07.TXT
INFO  [2022-06-28 14:57:44] update_input_parameter_file -- Surch:
 * ps_statement2search: Probability of calving score 3 when a pure-bred dairy female calf is born in reproductive cycles 1 to LL
 * Find statement on vector-line: 76
INFO  [2022-06-28 14:57:44] update_input_parameter_file -- Update the value:
 * ps_value2update: 0.0462 0.0224 0.0224 0.0224 0.0224 0.0224 0.0224 0.0224 0.0224 0.0224
 * of the statement ps_statement2search: Probability of calving score 3 when a pure-bred dairy female calf is born in reproductive cycles 1 to LL
 * on vector-line: 75

INFO  [2022-06-28 14:57:44] update_input_parameter_file -- Starting function with parameters:
 * ps_path2template_input_parameter_file: /home/jgearing/Ecoweight_package/qp4ewc/inst/extdata/ewdc/AN_HO_4_ConventionalBeef/INPUT07.TXT
 * ps_statement2search: Probability of calving score 4 when a pure-bred dairy female calf is born in reproductive cycles 1 to LL
 * ps_value2update: 9e-04 0.001 0.001 0.001 0.001 0.001 0.001 0.001 0.001 0.001
INFO  [2022-06-28 14:57:44] update_input_parameter_file -- File exists:
 * ps_path2template_input_parameter_file/home/jgearing/Ecoweight_package/qp4ewc/inst/extdata/ewdc/AN_HO_4_ConventionalBeef/INPUT07.TXT
INFO  [2022-06-28 14:57:44] update_input_parameter_file -- Surch:
 * ps_statement2search: Probability of calving score 4 when a pure-bred dairy female calf is born in reproductive cycles 1 to LL
 * Find statement on vector-line: 82
INFO  [2022-06-28 14:57:44] update_input_parameter_file -- Update the value:
 * ps_value2update: 9e-04 0.001 0.001 0.001 0.001 0.001 0.001 0.001 0.001 0.001
 * of the statement ps_statement2search: Probability of calving score 4 when a pure-bred dairy female calf is born in reproductive cycles 1 to LL
 * on vector-line: 81

INFO  [2022-06-28 14:57:44] update_input_parameter_file -- Starting function with parameters:
 * ps_path2template_input_parameter_file: /home/jgearing/Ecoweight_package/qp4ewc/inst/extdata/ewdc/AN_HO_4_ConventionalBeef/INPUT07.TXT
 * ps_statement2search: Probability of calving score 2 when a pure-bred dairy male calf is born in reproductive cycles 1 to LL
 * ps_value2update: 0.5153 0.443 0.443 0.443 0.443 0.443 0.443 0.443 0.443 0.443
INFO  [2022-06-28 14:57:44] update_input_parameter_file -- File exists:
 * ps_path2template_input_parameter_file/home/jgearing/Ecoweight_package/qp4ewc/inst/extdata/ewdc/AN_HO_4_ConventionalBeef/INPUT07.TXT
INFO  [2022-06-28 14:57:44] update_input_parameter_file -- Surch:
 * ps_statement2search: Probability of calving score 2 when a pure-bred dairy male calf is born in reproductive cycles 1 to LL
 * Find statement on vector-line: 73
INFO  [2022-06-28 14:57:44] update_input_parameter_file -- Update the value:
 * ps_value2update: 0.5153 0.443 0.443 0.443 0.443 0.443 0.443 0.443 0.443 0.443
 * of the statement ps_statement2search: Probability of calving score 2 when a pure-bred dairy male calf is born in reproductive cycles 1 to LL
 * on vector-line: 72

INFO  [2022-06-28 14:57:44] update_input_parameter_file -- Starting function with parameters:
 * ps_path2template_input_parameter_file: /home/jgearing/Ecoweight_package/qp4ewc/inst/extdata/ewdc/AN_HO_4_ConventionalBeef/INPUT07.TXT
 * ps_statement2search: Probability of calving score 3 when a pure-bred dairy male calf is born in reproductive cycles 1 to LL
 * ps_value2update: 0.0907 0.0421 0.0421 0.0421 0.0421 0.0421 0.0421 0.0421 0.0421 0.0421
INFO  [2022-06-28 14:57:44] update_input_parameter_file -- File exists:
 * ps_path2template_input_parameter_file/home/jgearing/Ecoweight_package/qp4ewc/inst/extdata/ewdc/AN_HO_4_ConventionalBeef/INPUT07.TXT
INFO  [2022-06-28 14:57:44] update_input_parameter_file -- Surch:
 * ps_statement2search: Probability of calving score 3 when a pure-bred dairy male calf is born in reproductive cycles 1 to LL
 * Find statement on vector-line: 79
INFO  [2022-06-28 14:57:44] update_input_parameter_file -- Update the value:
 * ps_value2update: 0.0907 0.0421 0.0421 0.0421 0.0421 0.0421 0.0421 0.0421 0.0421 0.0421
 * of the statement ps_statement2search: Probability of calving score 3 when a pure-bred dairy male calf is born in reproductive cycles 1 to LL
 * on vector-line: 78

INFO  [2022-06-28 14:57:44] update_input_parameter_file -- Starting function with parameters:
 * ps_path2template_input_parameter_file: /home/jgearing/Ecoweight_package/qp4ewc/inst/extdata/ewdc/AN_HO_4_ConventionalBeef/INPUT07.TXT
 * ps_statement2search: Probability of calving score 4 when a pure-bred dairy male calf is born in reproductive cycles 1 to LL
 * ps_value2update: 0.0024 0.0012 0.0012 0.0012 0.0012 0.0012 0.0012 0.0012 0.0012 0.0012
INFO  [2022-06-28 14:57:44] update_input_parameter_file -- File exists:
 * ps_path2template_input_parameter_file/home/jgearing/Ecoweight_package/qp4ewc/inst/extdata/ewdc/AN_HO_4_ConventionalBeef/INPUT07.TXT
INFO  [2022-06-28 14:57:44] update_input_parameter_file -- Surch:
 * ps_statement2search: Probability of calving score 4 when a pure-bred dairy male calf is born in reproductive cycles 1 to LL
 * Find statement on vector-line: 85
INFO  [2022-06-28 14:57:44] update_input_parameter_file -- Update the value:
 * ps_value2update: 0.0024 0.0012 0.0012 0.0012 0.0012 0.0012 0.0012 0.0012 0.0012 0.0012
 * of the statement ps_statement2search: Probability of calving score 4 when a pure-bred dairy male calf is born in reproductive cycles 1 to LL
 * on vector-line: 84

INFO  [2022-06-28 14:57:53] update_input_parameter_file -- Starting function with parameters:
 * ps_path2template_input_parameter_file: /home/jgearing/Ecoweight_package/qp4ewc/inst/extdata/ewdc/AN_HO_4_ConventionalBeef/INPUT07.TXT
 * ps_statement2search: Vector of calves died to 48 hours from calves born alive after easy calving in reproductive cycles 1 to LL
 * ps_value2update: 0.0412 0.0203 0.0203 0.0203 0.0203 0.0203 0.0203 0.0203 0.0203 0.0203
INFO  [2022-06-28 14:57:53] update_input_parameter_file -- File exists:
 * ps_path2template_input_parameter_file/home/jgearing/Ecoweight_package/qp4ewc/inst/extdata/ewdc/AN_HO_4_ConventionalBeef/INPUT07.TXT
INFO  [2022-06-28 14:57:53] update_input_parameter_file -- Surch:
 * ps_statement2search: Vector of calves died to 48 hours from calves born alive after easy calving in reproductive cycles 1 to LL
 * Find statement on vector-line: 58
INFO  [2022-06-28 14:57:53] update_input_parameter_file -- Update the value:
 * ps_value2update: 0.0412 0.0203 0.0203 0.0203 0.0203 0.0203 0.0203 0.0203 0.0203 0.0203
 * of the statement ps_statement2search: Vector of calves died to 48 hours from calves born alive after easy calving in reproductive cycles 1 to LL
 * on vector-line: 57

INFO  [2022-06-28 14:57:55] update_input_parameter_file -- Starting function with parameters:
 * ps_path2template_input_parameter_file: /home/jgearing/Ecoweight_package/qp4ewc/inst/extdata/ewdc/AN_HO_4_ConventionalBeef/INPUT07.TXT
 * ps_statement2search: Vector of calves died to 48 hours from calves born alive after dystocia in reproductive cycles 1 to LL
 * ps_value2update: 0.3081 0.2276 0.2276 0.2276 0.2276 0.2276 0.2276 0.2276 0.2276 0.2276
INFO  [2022-06-28 14:57:55] update_input_parameter_file -- File exists:
 * ps_path2template_input_parameter_file/home/jgearing/Ecoweight_package/qp4ewc/inst/extdata/ewdc/AN_HO_4_ConventionalBeef/INPUT07.TXT
INFO  [2022-06-28 14:57:55] update_input_parameter_file -- Surch:
 * ps_statement2search: Vector of calves died to 48 hours from calves born alive after dystocia in reproductive cycles 1 to LL
 * Find statement on vector-line: 55
INFO  [2022-06-28 14:57:55] update_input_parameter_file -- Update the value:
 * ps_value2update: 0.3081 0.2276 0.2276 0.2276 0.2276 0.2276 0.2276 0.2276 0.2276 0.2276
 * of the statement ps_statement2search: Vector of calves died to 48 hours from calves born alive after dystocia in reproductive cycles 1 to LL
 * on vector-line: 54

